[debug] [2026-01-31T20:39:27.474Z] > command requires scopes: ["email","openid","https://www.googleapis.com/auth/cloudplatformprojects.readonly","https://www.googleapis.com/auth/firebase","https://www.googleapis.com/auth/cloud-platform"]
[debug] [2026-01-31T20:39:27.475Z] > authorizing via signed-in user (zanies79@gmail.com)
[debug] [2026-01-31T20:39:27.475Z] > command requires scopes: ["email","openid","https://www.googleapis.com/auth/cloudplatformprojects.readonly","https://www.googleapis.com/auth/firebase","https://www.googleapis.com/auth/cloud-platform"]
[debug] [2026-01-31T20:39:27.475Z] > authorizing via signed-in user (zanies79@gmail.com)
[debug] [2026-01-31T20:39:27.475Z] Checked if tokens are valid: false, expires at: 1769887082382
[debug] [2026-01-31T20:39:27.476Z] Checked if tokens are valid: false, expires at: 1769887082382
[debug] [2026-01-31T20:39:27.476Z] > refreshing access token with scopes: []
[debug] [2026-01-31T20:39:27.476Z] >>> [apiv2][query] POST https://www.googleapis.com/oauth2/v3/token [none]
[debug] [2026-01-31T20:39:27.476Z] >>> [apiv2][body] POST https://www.googleapis.com/oauth2/v3/token [omitted]
[debug] [2026-01-31T20:39:27.477Z] Checked if tokens are valid: false, expires at: 1769887082382
[debug] [2026-01-31T20:39:27.477Z] Checked if tokens are valid: false, expires at: 1769887082382
[debug] [2026-01-31T20:39:27.477Z] > refreshing access token with scopes: []
[debug] [2026-01-31T20:39:27.478Z] >>> [apiv2][query] POST https://www.googleapis.com/oauth2/v3/token [none]
[debug] [2026-01-31T20:39:27.478Z] >>> [apiv2][body] POST https://www.googleapis.com/oauth2/v3/token [omitted]
[debug] [2026-01-31T20:39:27.478Z] > command requires scopes: ["email","openid","https://www.googleapis.com/auth/cloudplatformprojects.readonly","https://www.googleapis.com/auth/firebase","https://www.googleapis.com/auth/cloud-platform"]
[debug] [2026-01-31T20:39:27.478Z] > authorizing via signed-in user (zanies79@gmail.com)
[debug] [2026-01-31T20:39:27.478Z] Checked if tokens are valid: false, expires at: 1769887082382
[debug] [2026-01-31T20:39:27.478Z] Checked if tokens are valid: false, expires at: 1769887082382
[debug] [2026-01-31T20:39:27.478Z] > refreshing access token with scopes: []
[debug] [2026-01-31T20:39:27.478Z] >>> [apiv2][query] POST https://www.googleapis.com/oauth2/v3/token [none]
[debug] [2026-01-31T20:39:27.478Z] >>> [apiv2][body] POST https://www.googleapis.com/oauth2/v3/token [omitted]
[debug] [2026-01-31T20:39:27.631Z] <<< [apiv2][status] POST https://www.googleapis.com/oauth2/v3/token 200
[debug] [2026-01-31T20:39:27.631Z] <<< [apiv2][body] POST https://www.googleapis.com/oauth2/v3/token [omitted]
[debug] [2026-01-31T20:39:27.649Z] >>> [apiv2][query] GET https://cloudbilling.googleapis.com/v1/projects/tankpool-ocr/billingInfo [none]
[debug] [2026-01-31T20:39:27.651Z] <<< [apiv2][status] POST https://www.googleapis.com/oauth2/v3/token 200
[debug] [2026-01-31T20:39:27.651Z] <<< [apiv2][body] POST https://www.googleapis.com/oauth2/v3/token [omitted]
[debug] [2026-01-31T20:39:27.662Z] >>> [apiv2][query] GET https://cloudbilling.googleapis.com/v1/projects/tankpool-ocr/billingInfo [none]
[debug] [2026-01-31T20:39:27.664Z] <<< [apiv2][status] POST https://www.googleapis.com/oauth2/v3/token 200
[debug] [2026-01-31T20:39:27.664Z] <<< [apiv2][body] POST https://www.googleapis.com/oauth2/v3/token [omitted]
[debug] [2026-01-31T20:39:27.674Z] >>> [apiv2][query] GET https://cloudbilling.googleapis.com/v1/projects/tankpool-ocr/billingInfo [none]
[debug] [2026-01-31T20:39:28.430Z] <<< [apiv2][status] GET https://cloudbilling.googleapis.com/v1/projects/tankpool-ocr/billingInfo 200
[debug] [2026-01-31T20:39:28.430Z] <<< [apiv2][body] GET https://cloudbilling.googleapis.com/v1/projects/tankpool-ocr/billingInfo {"name":"projects/tankpool-ocr/billingInfo","projectId":"tankpool-ocr","billingAccountName":"","billingEnabled":false}
[debug] [2026-01-31T20:39:28.441Z] Checked if tokens are valid: true, expires at: 1769895566664
[debug] [2026-01-31T20:39:28.441Z] Checked if tokens are valid: true, expires at: 1769895566664
[debug] [2026-01-31T20:39:28.441Z] Checked if tokens are valid: true, expires at: 1769895566664
[debug] [2026-01-31T20:39:28.441Z] Checked if tokens are valid: true, expires at: 1769895566664
[debug] [2026-01-31T20:39:28.448Z] Checked if tokens are valid: true, expires at: 1769895566664
[debug] [2026-01-31T20:39:28.448Z] Checked if tokens are valid: true, expires at: 1769895566664
[debug] [2026-01-31T20:39:28.448Z] Checked if tokens are valid: true, expires at: 1769895566664
[debug] [2026-01-31T20:39:28.448Z] Checked if tokens are valid: true, expires at: 1769895566664
[debug] [2026-01-31T20:39:28.449Z] >>> [apiv2][query] GET https://serviceusage.googleapis.com/v1/projects/tankpool-ocr/services/firebasedataconnect.googleapis.com [none]
[debug] [2026-01-31T20:39:28.449Z] >>> [apiv2][(partial)header] GET https://serviceusage.googleapis.com/v1/projects/tankpool-ocr/services/firebasedataconnect.googleapis.com  x-goog-user-project=tankpool-ocr
[debug] [2026-01-31T20:39:28.450Z] >>> [apiv2][query] GET https://serviceusage.googleapis.com/v1/projects/tankpool-ocr/services/cloudfunctions.googleapis.com [none]
[debug] [2026-01-31T20:39:28.450Z] >>> [apiv2][(partial)header] GET https://serviceusage.googleapis.com/v1/projects/tankpool-ocr/services/cloudfunctions.googleapis.com  x-goog-user-project=tankpool-ocr
[debug] [2026-01-31T20:39:28.451Z] >>> [apiv2][query] GET https://serviceusage.googleapis.com/v1/projects/tankpool-ocr/services/firebaseapphosting.googleapis.com [none]
[debug] [2026-01-31T20:39:28.451Z] >>> [apiv2][(partial)header] GET https://serviceusage.googleapis.com/v1/projects/tankpool-ocr/services/firebaseapphosting.googleapis.com  x-goog-user-project=tankpool-ocr
[debug] [2026-01-31T20:39:28.451Z] >>> [apiv2][query] GET https://serviceusage.googleapis.com/v1/projects/tankpool-ocr/services/firebaseio.com [none]
[debug] [2026-01-31T20:39:28.451Z] >>> [apiv2][(partial)header] GET https://serviceusage.googleapis.com/v1/projects/tankpool-ocr/services/firebaseio.com  x-goog-user-project=tankpool-ocr
[debug] [2026-01-31T20:39:29.052Z] <<< [apiv2][status] GET https://cloudbilling.googleapis.com/v1/projects/tankpool-ocr/billingInfo 200
[debug] [2026-01-31T20:39:29.052Z] <<< [apiv2][body] GET https://cloudbilling.googleapis.com/v1/projects/tankpool-ocr/billingInfo {"name":"projects/tankpool-ocr/billingInfo","projectId":"tankpool-ocr","billingAccountName":"","billingEnabled":false}
[debug] [2026-01-31T20:39:29.053Z] Checked if tokens are valid: true, expires at: 1769895566664
[debug] [2026-01-31T20:39:29.053Z] Checked if tokens are valid: true, expires at: 1769895566664
[debug] [2026-01-31T20:39:29.053Z] Checked if tokens are valid: true, expires at: 1769895566664
[debug] [2026-01-31T20:39:29.053Z] Checked if tokens are valid: true, expires at: 1769895566664
[debug] [2026-01-31T20:39:29.059Z] Checked if tokens are valid: true, expires at: 1769895566664
[debug] [2026-01-31T20:39:29.059Z] Checked if tokens are valid: true, expires at: 1769895566664
[debug] [2026-01-31T20:39:29.059Z] Checked if tokens are valid: true, expires at: 1769895566664
[debug] [2026-01-31T20:39:29.059Z] Checked if tokens are valid: true, expires at: 1769895566664
[debug] [2026-01-31T20:39:29.059Z] >>> [apiv2][query] GET https://serviceusage.googleapis.com/v1/projects/tankpool-ocr/services/firebasedataconnect.googleapis.com [none]
[debug] [2026-01-31T20:39:29.059Z] >>> [apiv2][(partial)header] GET https://serviceusage.googleapis.com/v1/projects/tankpool-ocr/services/firebasedataconnect.googleapis.com  x-goog-user-project=tankpool-ocr
[debug] [2026-01-31T20:39:29.060Z] >>> [apiv2][query] GET https://serviceusage.googleapis.com/v1/projects/tankpool-ocr/services/cloudfunctions.googleapis.com [none]
[debug] [2026-01-31T20:39:29.061Z] >>> [apiv2][(partial)header] GET https://serviceusage.googleapis.com/v1/projects/tankpool-ocr/services/cloudfunctions.googleapis.com  x-goog-user-project=tankpool-ocr
[debug] [2026-01-31T20:39:29.062Z] >>> [apiv2][query] GET https://serviceusage.googleapis.com/v1/projects/tankpool-ocr/services/firebaseapphosting.googleapis.com [none]
[debug] [2026-01-31T20:39:29.062Z] >>> [apiv2][(partial)header] GET https://serviceusage.googleapis.com/v1/projects/tankpool-ocr/services/firebaseapphosting.googleapis.com  x-goog-user-project=tankpool-ocr
[debug] [2026-01-31T20:39:29.063Z] >>> [apiv2][query] GET https://serviceusage.googleapis.com/v1/projects/tankpool-ocr/services/firebaseio.com [none]
[debug] [2026-01-31T20:39:29.063Z] >>> [apiv2][(partial)header] GET https://serviceusage.googleapis.com/v1/projects/tankpool-ocr/services/firebaseio.com  x-goog-user-project=tankpool-ocr
[debug] [2026-01-31T20:39:29.071Z] <<< [apiv2][status] GET https://cloudbilling.googleapis.com/v1/projects/tankpool-ocr/billingInfo 200
[debug] [2026-01-31T20:39:29.071Z] <<< [apiv2][body] GET https://cloudbilling.googleapis.com/v1/projects/tankpool-ocr/billingInfo {"name":"projects/tankpool-ocr/billingInfo","projectId":"tankpool-ocr","billingAccountName":"","billingEnabled":false}
[debug] [2026-01-31T20:39:29.073Z] Checked if tokens are valid: true, expires at: 1769895566664
[debug] [2026-01-31T20:39:29.073Z] Checked if tokens are valid: true, expires at: 1769895566664
[debug] [2026-01-31T20:39:29.073Z] Checked if tokens are valid: true, expires at: 1769895566664
[debug] [2026-01-31T20:39:29.073Z] Checked if tokens are valid: true, expires at: 1769895566664
[debug] [2026-01-31T20:39:29.077Z] Checked if tokens are valid: true, expires at: 1769895566664
[debug] [2026-01-31T20:39:29.077Z] Checked if tokens are valid: true, expires at: 1769895566664
[debug] [2026-01-31T20:39:29.078Z] Checked if tokens are valid: true, expires at: 1769895566664
[debug] [2026-01-31T20:39:29.078Z] Checked if tokens are valid: true, expires at: 1769895566664
[debug] [2026-01-31T20:39:29.078Z] >>> [apiv2][query] GET https://serviceusage.googleapis.com/v1/projects/tankpool-ocr/services/firebasedataconnect.googleapis.com [none]
[debug] [2026-01-31T20:39:29.078Z] >>> [apiv2][(partial)header] GET https://serviceusage.googleapis.com/v1/projects/tankpool-ocr/services/firebasedataconnect.googleapis.com  x-goog-user-project=tankpool-ocr
[debug] [2026-01-31T20:39:29.079Z] >>> [apiv2][query] GET https://serviceusage.googleapis.com/v1/projects/tankpool-ocr/services/cloudfunctions.googleapis.com [none]
[debug] [2026-01-31T20:39:29.079Z] >>> [apiv2][(partial)header] GET https://serviceusage.googleapis.com/v1/projects/tankpool-ocr/services/cloudfunctions.googleapis.com  x-goog-user-project=tankpool-ocr
[debug] [2026-01-31T20:39:29.080Z] >>> [apiv2][query] GET https://serviceusage.googleapis.com/v1/projects/tankpool-ocr/services/firebaseapphosting.googleapis.com [none]
[debug] [2026-01-31T20:39:29.080Z] >>> [apiv2][(partial)header] GET https://serviceusage.googleapis.com/v1/projects/tankpool-ocr/services/firebaseapphosting.googleapis.com  x-goog-user-project=tankpool-ocr
[debug] [2026-01-31T20:39:29.080Z] >>> [apiv2][query] GET https://serviceusage.googleapis.com/v1/projects/tankpool-ocr/services/firebaseio.com [none]
[debug] [2026-01-31T20:39:29.080Z] >>> [apiv2][(partial)header] GET https://serviceusage.googleapis.com/v1/projects/tankpool-ocr/services/firebaseio.com  x-goog-user-project=tankpool-ocr
[debug] [2026-01-31T20:39:29.318Z] <<< [apiv2][status] GET https://serviceusage.googleapis.com/v1/projects/tankpool-ocr/services/firebaseio.com 403
[debug] [2026-01-31T20:39:29.318Z] <<< [apiv2][body] GET https://serviceusage.googleapis.com/v1/projects/tankpool-ocr/services/firebaseio.com [omitted]
[debug] [2026-01-31T20:39:29.400Z] <<< [apiv2][status] GET https://serviceusage.googleapis.com/v1/projects/tankpool-ocr/services/cloudfunctions.googleapis.com 200
[debug] [2026-01-31T20:39:29.401Z] <<< [apiv2][body] GET https://serviceusage.googleapis.com/v1/projects/tankpool-ocr/services/cloudfunctions.googleapis.com [omitted]
[debug] [2026-01-31T20:39:29.408Z] <<< [apiv2][status] GET https://serviceusage.googleapis.com/v1/projects/tankpool-ocr/services/firebasedataconnect.googleapis.com 200
[debug] [2026-01-31T20:39:29.408Z] <<< [apiv2][body] GET https://serviceusage.googleapis.com/v1/projects/tankpool-ocr/services/firebasedataconnect.googleapis.com [omitted]
[debug] [2026-01-31T20:39:29.417Z] <<< [apiv2][status] GET https://serviceusage.googleapis.com/v1/projects/tankpool-ocr/services/firebaseapphosting.googleapis.com 200
[debug] [2026-01-31T20:39:29.417Z] <<< [apiv2][body] GET https://serviceusage.googleapis.com/v1/projects/tankpool-ocr/services/firebaseapphosting.googleapis.com [omitted]
[debug] [2026-01-31T20:39:30.030Z] <<< [apiv2][status] GET https://serviceusage.googleapis.com/v1/projects/tankpool-ocr/services/firebaseio.com 403
[debug] [2026-01-31T20:39:30.030Z] <<< [apiv2][body] GET https://serviceusage.googleapis.com/v1/projects/tankpool-ocr/services/firebaseio.com [omitted]
[debug] [2026-01-31T20:39:30.034Z] <<< [apiv2][status] GET https://serviceusage.googleapis.com/v1/projects/tankpool-ocr/services/firebaseio.com 403
[debug] [2026-01-31T20:39:30.034Z] <<< [apiv2][body] GET https://serviceusage.googleapis.com/v1/projects/tankpool-ocr/services/firebaseio.com [omitted]
[debug] [2026-01-31T20:39:30.211Z] <<< [apiv2][status] GET https://serviceusage.googleapis.com/v1/projects/tankpool-ocr/services/cloudfunctions.googleapis.com 200
[debug] [2026-01-31T20:39:30.211Z] <<< [apiv2][body] GET https://serviceusage.googleapis.com/v1/projects/tankpool-ocr/services/cloudfunctions.googleapis.com [omitted]
[debug] [2026-01-31T20:39:30.211Z] <<< [apiv2][status] GET https://serviceusage.googleapis.com/v1/projects/tankpool-ocr/services/firebasedataconnect.googleapis.com 200
[debug] [2026-01-31T20:39:30.211Z] <<< [apiv2][body] GET https://serviceusage.googleapis.com/v1/projects/tankpool-ocr/services/firebasedataconnect.googleapis.com [omitted]
[debug] [2026-01-31T20:39:30.216Z] <<< [apiv2][status] GET https://serviceusage.googleapis.com/v1/projects/tankpool-ocr/services/firebaseapphosting.googleapis.com 200
[debug] [2026-01-31T20:39:30.216Z] <<< [apiv2][body] GET https://serviceusage.googleapis.com/v1/projects/tankpool-ocr/services/firebaseapphosting.googleapis.com [omitted]
[debug] [2026-01-31T20:39:30.218Z] <<< [apiv2][status] GET https://serviceusage.googleapis.com/v1/projects/tankpool-ocr/services/cloudfunctions.googleapis.com 200
[debug] [2026-01-31T20:39:30.218Z] <<< [apiv2][body] GET https://serviceusage.googleapis.com/v1/projects/tankpool-ocr/services/cloudfunctions.googleapis.com [omitted]
[debug] [2026-01-31T20:39:30.232Z] <<< [apiv2][status] GET https://serviceusage.googleapis.com/v1/projects/tankpool-ocr/services/firebasedataconnect.googleapis.com 200
[debug] [2026-01-31T20:39:30.232Z] <<< [apiv2][body] GET https://serviceusage.googleapis.com/v1/projects/tankpool-ocr/services/firebasedataconnect.googleapis.com [omitted]
[debug] [2026-01-31T20:39:30.234Z] <<< [apiv2][status] GET https://serviceusage.googleapis.com/v1/projects/tankpool-ocr/services/firebaseapphosting.googleapis.com 200
[debug] [2026-01-31T20:39:30.234Z] <<< [apiv2][body] GET https://serviceusage.googleapis.com/v1/projects/tankpool-ocr/services/firebaseapphosting.googleapis.com [omitted]
[debug] [2026-01-31T20:39:30.277Z] > command requires scopes: ["email","openid","https://www.googleapis.com/auth/cloudplatformprojects.readonly","https://www.googleapis.com/auth/firebase","https://www.googleapis.com/auth/cloud-platform"]
[debug] [2026-01-31T20:39:30.277Z] > authorizing via signed-in user (zanies79@gmail.com)
[debug] [2026-01-31T20:39:30.277Z] Checked if tokens are valid: true, expires at: 1769895566664
[debug] [2026-01-31T20:39:30.277Z] Checked if tokens are valid: true, expires at: 1769895566664
[debug] [2026-01-31T20:39:30.278Z] >>> [apiv2][query] GET https://cloudbilling.googleapis.com/v1/projects/tankpool-ocr/billingInfo [none]
[debug] [2026-01-31T20:39:30.280Z] > command requires scopes: ["email","openid","https://www.googleapis.com/auth/cloudplatformprojects.readonly","https://www.googleapis.com/auth/firebase","https://www.googleapis.com/auth/cloud-platform"]
[debug] [2026-01-31T20:39:30.280Z] > authorizing via signed-in user (zanies79@gmail.com)
[debug] [2026-01-31T20:39:30.280Z] Checked if tokens are valid: true, expires at: 1769895566664
[debug] [2026-01-31T20:39:30.280Z] Checked if tokens are valid: true, expires at: 1769895566664
[debug] [2026-01-31T20:39:30.280Z] >>> [apiv2][query] GET https://cloudbilling.googleapis.com/v1/projects/tankpool-ocr/billingInfo [none]
[debug] [2026-01-31T20:39:31.207Z] <<< [apiv2][status] GET https://cloudbilling.googleapis.com/v1/projects/tankpool-ocr/billingInfo 200
[debug] [2026-01-31T20:39:31.208Z] <<< [apiv2][body] GET https://cloudbilling.googleapis.com/v1/projects/tankpool-ocr/billingInfo {"name":"projects/tankpool-ocr/billingInfo","projectId":"tankpool-ocr","billingAccountName":"","billingEnabled":false}
[debug] [2026-01-31T20:39:31.209Z] > command requires scopes: ["email","openid","https://www.googleapis.com/auth/cloudplatformprojects.readonly","https://www.googleapis.com/auth/firebase","https://www.googleapis.com/auth/cloud-platform"]
[debug] [2026-01-31T20:39:31.210Z] > authorizing via signed-in user (zanies79@gmail.com)
[debug] [2026-01-31T20:39:31.211Z] <<< [apiv2][status] GET https://cloudbilling.googleapis.com/v1/projects/tankpool-ocr/billingInfo 200
[debug] [2026-01-31T20:39:31.211Z] <<< [apiv2][body] GET https://cloudbilling.googleapis.com/v1/projects/tankpool-ocr/billingInfo {"name":"projects/tankpool-ocr/billingInfo","projectId":"tankpool-ocr","billingAccountName":"","billingEnabled":false}
[debug] [2026-01-31T20:39:31.213Z] > command requires scopes: ["email","openid","https://www.googleapis.com/auth/cloudplatformprojects.readonly","https://www.googleapis.com/auth/firebase","https://www.googleapis.com/auth/cloud-platform"]
[debug] [2026-01-31T20:39:31.213Z] > authorizing via signed-in user (zanies79@gmail.com)
[debug] [2026-01-31T21:10:27.798Z] > command requires scopes: ["email","openid","https://www.googleapis.com/auth/cloudplatformprojects.readonly","https://www.googleapis.com/auth/firebase","https://www.googleapis.com/auth/cloud-platform"]
[debug] [2026-01-31T21:10:27.799Z] > authorizing via signed-in user (zanies79@gmail.com)
[debug] [2026-01-31T21:10:27.799Z] > command requires scopes: ["email","openid","https://www.googleapis.com/auth/cloudplatformprojects.readonly","https://www.googleapis.com/auth/firebase","https://www.googleapis.com/auth/cloud-platform"]
[debug] [2026-01-31T21:10:27.800Z] > authorizing via signed-in user (zanies79@gmail.com)
[debug] [2026-01-31T21:10:27.800Z] Checked if tokens are valid: true, expires at: 1769895566664
[debug] [2026-01-31T21:10:27.800Z] Checked if tokens are valid: true, expires at: 1769895566664
[debug] [2026-01-31T21:10:27.800Z] Checked if tokens are valid: true, expires at: 1769895566664
[debug] [2026-01-31T21:10:27.800Z] Checked if tokens are valid: true, expires at: 1769895566664
[debug] [2026-01-31T21:10:27.800Z] > command requires scopes: ["email","openid","https://www.googleapis.com/auth/cloudplatformprojects.readonly","https://www.googleapis.com/auth/firebase","https://www.googleapis.com/auth/cloud-platform"]
[debug] [2026-01-31T21:10:27.800Z] > authorizing via signed-in user (zanies79@gmail.com)
[debug] [2026-01-31T21:10:27.800Z] Checked if tokens are valid: true, expires at: 1769895566664
[debug] [2026-01-31T21:10:27.800Z] Checked if tokens are valid: true, expires at: 1769895566664
[debug] [2026-01-31T21:10:27.801Z] >>> [apiv2][query] GET https://cloudbilling.googleapis.com/v1/projects/tankpool-ocr/billingInfo [none]
[debug] [2026-01-31T21:10:27.801Z] >>> [apiv2][query] GET https://cloudbilling.googleapis.com/v1/projects/tankpool-ocr/billingInfo [none]
[debug] [2026-01-31T21:10:27.802Z] >>> [apiv2][query] GET https://cloudbilling.googleapis.com/v1/projects/tankpool-ocr/billingInfo [none]
[debug] [2026-01-31T21:10:28.135Z] <<< [apiv2][status] GET https://cloudbilling.googleapis.com/v1/projects/tankpool-ocr/billingInfo 200
[debug] [2026-01-31T21:10:28.135Z] <<< [apiv2][body] GET https://cloudbilling.googleapis.com/v1/projects/tankpool-ocr/billingInfo {"name":"projects/tankpool-ocr/billingInfo","projectId":"tankpool-ocr","billingAccountName":"","billingEnabled":false}
[debug] [2026-01-31T21:10:28.139Z] Checked if tokens are valid: true, expires at: 1769895566664
[debug] [2026-01-31T21:10:28.139Z] Checked if tokens are valid: true, expires at: 1769895566664
[debug] [2026-01-31T21:10:28.139Z] Checked if tokens are valid: true, expires at: 1769895566664
[debug] [2026-01-31T21:10:28.139Z] Checked if tokens are valid: true, expires at: 1769895566664
[debug] [2026-01-31T21:10:28.143Z] Checked if tokens are valid: true, expires at: 1769895566664
[debug] [2026-01-31T21:10:28.143Z] Checked if tokens are valid: true, expires at: 1769895566664
[debug] [2026-01-31T21:10:28.144Z] Checked if tokens are valid: true, expires at: 1769895566664
[debug] [2026-01-31T21:10:28.144Z] Checked if tokens are valid: true, expires at: 1769895566664
[debug] [2026-01-31T21:10:28.144Z] >>> [apiv2][query] GET https://serviceusage.googleapis.com/v1/projects/tankpool-ocr/services/firebasedataconnect.googleapis.com [none]
[debug] [2026-01-31T21:10:28.144Z] >>> [apiv2][(partial)header] GET https://serviceusage.googleapis.com/v1/projects/tankpool-ocr/services/firebasedataconnect.googleapis.com  x-goog-user-project=tankpool-ocr
[debug] [2026-01-31T21:10:28.144Z] >>> [apiv2][query] GET https://serviceusage.googleapis.com/v1/projects/tankpool-ocr/services/cloudfunctions.googleapis.com [none]
[debug] [2026-01-31T21:10:28.144Z] >>> [apiv2][(partial)header] GET https://serviceusage.googleapis.com/v1/projects/tankpool-ocr/services/cloudfunctions.googleapis.com  x-goog-user-project=tankpool-ocr
[debug] [2026-01-31T21:10:28.145Z] >>> [apiv2][query] GET https://serviceusage.googleapis.com/v1/projects/tankpool-ocr/services/firebaseapphosting.googleapis.com [none]
[debug] [2026-01-31T21:10:28.145Z] >>> [apiv2][(partial)header] GET https://serviceusage.googleapis.com/v1/projects/tankpool-ocr/services/firebaseapphosting.googleapis.com  x-goog-user-project=tankpool-ocr
[debug] [2026-01-31T21:10:28.145Z] >>> [apiv2][query] GET https://serviceusage.googleapis.com/v1/projects/tankpool-ocr/services/firebaseio.com [none]
[debug] [2026-01-31T21:10:28.145Z] >>> [apiv2][(partial)header] GET https://serviceusage.googleapis.com/v1/projects/tankpool-ocr/services/firebaseio.com  x-goog-user-project=tankpool-ocr
[debug] [2026-01-31T21:10:28.742Z] <<< [apiv2][status] GET https://cloudbilling.googleapis.com/v1/projects/tankpool-ocr/billingInfo 200
[debug] [2026-01-31T21:10:28.743Z] <<< [apiv2][body] GET https://cloudbilling.googleapis.com/v1/projects/tankpool-ocr/billingInfo {"name":"projects/tankpool-ocr/billingInfo","projectId":"tankpool-ocr","billingAccountName":"","billingEnabled":false}
[debug] [2026-01-31T21:10:28.744Z] Checked if tokens are valid: true, expires at: 1769895566664
[debug] [2026-01-31T21:10:28.744Z] Checked if tokens are valid: true, expires at: 1769895566664
[debug] [2026-01-31T21:10:28.744Z] Checked if tokens are valid: true, expires at: 1769895566664
[debug] [2026-01-31T21:10:28.744Z] Checked if tokens are valid: true, expires at: 1769895566664
[debug] [2026-01-31T21:10:28.749Z] Checked if tokens are valid: true, expires at: 1769895566664
[debug] [2026-01-31T21:10:28.749Z] Checked if tokens are valid: true, expires at: 1769895566664
[debug] [2026-01-31T21:10:28.750Z] Checked if tokens are valid: true, expires at: 1769895566664
[debug] [2026-01-31T21:10:28.750Z] Checked if tokens are valid: true, expires at: 1769895566664
[debug] [2026-01-31T21:10:28.750Z] >>> [apiv2][query] GET https://serviceusage.googleapis.com/v1/projects/tankpool-ocr/services/firebasedataconnect.googleapis.com [none]
[debug] [2026-01-31T21:10:28.750Z] >>> [apiv2][(partial)header] GET https://serviceusage.googleapis.com/v1/projects/tankpool-ocr/services/firebasedataconnect.googleapis.com  x-goog-user-project=tankpool-ocr
[debug] [2026-01-31T21:10:28.752Z] >>> [apiv2][query] GET https://serviceusage.googleapis.com/v1/projects/tankpool-ocr/services/cloudfunctions.googleapis.com [none]
[debug] [2026-01-31T21:10:28.752Z] >>> [apiv2][(partial)header] GET https://serviceusage.googleapis.com/v1/projects/tankpool-ocr/services/cloudfunctions.googleapis.com  x-goog-user-project=tankpool-ocr
[debug] [2026-01-31T21:10:28.753Z] >>> [apiv2][query] GET https://serviceusage.googleapis.com/v1/projects/tankpool-ocr/services/firebaseapphosting.googleapis.com [none]
[debug] [2026-01-31T21:10:28.753Z] >>> [apiv2][(partial)header] GET https://serviceusage.googleapis.com/v1/projects/tankpool-ocr/services/firebaseapphosting.googleapis.com  x-goog-user-project=tankpool-ocr
[debug] [2026-01-31T21:10:28.754Z] >>> [apiv2][query] GET https://serviceusage.googleapis.com/v1/projects/tankpool-ocr/services/firebaseio.com [none]
[debug] [2026-01-31T21:10:28.754Z] >>> [apiv2][(partial)header] GET https://serviceusage.googleapis.com/v1/projects/tankpool-ocr/services/firebaseio.com  x-goog-user-project=tankpool-ocr
[debug] [2026-01-31T21:10:28.762Z] <<< [apiv2][status] GET https://cloudbilling.googleapis.com/v1/projects/tankpool-ocr/billingInfo 200
[debug] [2026-01-31T21:10:28.762Z] <<< [apiv2][body] GET https://cloudbilling.googleapis.com/v1/projects/tankpool-ocr/billingInfo {"name":"projects/tankpool-ocr/billingInfo","projectId":"tankpool-ocr","billingAccountName":"","billingEnabled":false}
[debug] [2026-01-31T21:10:28.762Z] Checked if tokens are valid: true, expires at: 1769895566664
[debug] [2026-01-31T21:10:28.762Z] Checked if tokens are valid: true, expires at: 1769895566664
[debug] [2026-01-31T21:10:28.763Z] Checked if tokens are valid: true, expires at: 1769895566664
[debug] [2026-01-31T21:10:28.763Z] Checked if tokens are valid: true, expires at: 1769895566664
[debug] [2026-01-31T21:10:28.765Z] Checked if tokens are valid: true, expires at: 1769895566664
[debug] [2026-01-31T21:10:28.765Z] Checked if tokens are valid: true, expires at: 1769895566664
[debug] [2026-01-31T21:10:28.765Z] Checked if tokens are valid: true, expires at: 1769895566664
[debug] [2026-01-31T21:10:28.765Z] Checked if tokens are valid: true, expires at: 1769895566664
[debug] [2026-01-31T21:10:28.765Z] >>> [apiv2][query] GET https://serviceusage.googleapis.com/v1/projects/tankpool-ocr/services/firebasedataconnect.googleapis.com [none]
[debug] [2026-01-31T21:10:28.765Z] >>> [apiv2][(partial)header] GET https://serviceusage.googleapis.com/v1/projects/tankpool-ocr/services/firebasedataconnect.googleapis.com  x-goog-user-project=tankpool-ocr
[debug] [2026-01-31T21:10:28.766Z] >>> [apiv2][query] GET https://serviceusage.googleapis.com/v1/projects/tankpool-ocr/services/cloudfunctions.googleapis.com [none]
[debug] [2026-01-31T21:10:28.766Z] >>> [apiv2][(partial)header] GET https://serviceusage.googleapis.com/v1/projects/tankpool-ocr/services/cloudfunctions.googleapis.com  x-goog-user-project=tankpool-ocr
[debug] [2026-01-31T21:10:28.767Z] >>> [apiv2][query] GET https://serviceusage.googleapis.com/v1/projects/tankpool-ocr/services/firebaseapphosting.googleapis.com [none]
[debug] [2026-01-31T21:10:28.767Z] >>> [apiv2][(partial)header] GET https://serviceusage.googleapis.com/v1/projects/tankpool-ocr/services/firebaseapphosting.googleapis.com  x-goog-user-project=tankpool-ocr
[debug] [2026-01-31T21:10:28.768Z] >>> [apiv2][query] GET https://serviceusage.googleapis.com/v1/projects/tankpool-ocr/services/firebaseio.com [none]
[debug] [2026-01-31T21:10:28.768Z] >>> [apiv2][(partial)header] GET https://serviceusage.googleapis.com/v1/projects/tankpool-ocr/services/firebaseio.com  x-goog-user-project=tankpool-ocr
[debug] [2026-01-31T21:10:28.995Z] <<< [apiv2][status] GET https://serviceusage.googleapis.com/v1/projects/tankpool-ocr/services/firebaseio.com 403
[debug] [2026-01-31T21:10:28.995Z] <<< [apiv2][body] GET https://serviceusage.googleapis.com/v1/projects/tankpool-ocr/services/firebaseio.com [omitted]
[debug] [2026-01-31T21:10:29.094Z] <<< [apiv2][status] GET https://serviceusage.googleapis.com/v1/projects/tankpool-ocr/services/firebaseapphosting.googleapis.com 200
[debug] [2026-01-31T21:10:29.094Z] <<< [apiv2][body] GET https://serviceusage.googleapis.com/v1/projects/tankpool-ocr/services/firebaseapphosting.googleapis.com [omitted]
[debug] [2026-01-31T21:10:29.105Z] <<< [apiv2][status] GET https://serviceusage.googleapis.com/v1/projects/tankpool-ocr/services/firebasedataconnect.googleapis.com 200
[debug] [2026-01-31T21:10:29.105Z] <<< [apiv2][body] GET https://serviceusage.googleapis.com/v1/projects/tankpool-ocr/services/firebasedataconnect.googleapis.com [omitted]
[debug] [2026-01-31T21:10:29.111Z] <<< [apiv2][status] GET https://serviceusage.googleapis.com/v1/projects/tankpool-ocr/services/cloudfunctions.googleapis.com 200
[debug] [2026-01-31T21:10:29.111Z] <<< [apiv2][body] GET https://serviceusage.googleapis.com/v1/projects/tankpool-ocr/services/cloudfunctions.googleapis.com [omitted]
[debug] [2026-01-31T21:10:29.152Z] > command requires scopes: ["email","openid","https://www.googleapis.com/auth/cloudplatformprojects.readonly","https://www.googleapis.com/auth/firebase","https://www.googleapis.com/auth/cloud-platform"]
[debug] [2026-01-31T21:10:29.153Z] > authorizing via signed-in user (zanies79@gmail.com)
[debug] [2026-01-31T21:10:29.153Z] Checked if tokens are valid: true, expires at: 1769895566664
[debug] [2026-01-31T21:10:29.153Z] Checked if tokens are valid: true, expires at: 1769895566664
[debug] [2026-01-31T21:10:29.153Z] >>> [apiv2][query] GET https://cloudbilling.googleapis.com/v1/projects/tankpool-ocr/billingInfo [none]
[debug] [2026-01-31T21:10:29.549Z] <<< [apiv2][status] GET https://serviceusage.googleapis.com/v1/projects/tankpool-ocr/services/firebaseio.com 403
[debug] [2026-01-31T21:10:29.550Z] <<< [apiv2][body] GET https://serviceusage.googleapis.com/v1/projects/tankpool-ocr/services/firebaseio.com [omitted]
[debug] [2026-01-31T21:10:29.574Z] <<< [apiv2][status] GET https://serviceusage.googleapis.com/v1/projects/tankpool-ocr/services/firebaseio.com 403
[debug] [2026-01-31T21:10:29.575Z] <<< [apiv2][body] GET https://serviceusage.googleapis.com/v1/projects/tankpool-ocr/services/firebaseio.com [omitted]
[debug] [2026-01-31T21:10:29.644Z] <<< [apiv2][status] GET https://serviceusage.googleapis.com/v1/projects/tankpool-ocr/services/firebasedataconnect.googleapis.com 200
[debug] [2026-01-31T21:10:29.644Z] <<< [apiv2][body] GET https://serviceusage.googleapis.com/v1/projects/tankpool-ocr/services/firebasedataconnect.googleapis.com [omitted]
[debug] [2026-01-31T21:10:29.646Z] <<< [apiv2][status] GET https://serviceusage.googleapis.com/v1/projects/tankpool-ocr/services/firebaseapphosting.googleapis.com 200
[debug] [2026-01-31T21:10:29.646Z] <<< [apiv2][body] GET https://serviceusage.googleapis.com/v1/projects/tankpool-ocr/services/firebaseapphosting.googleapis.com [omitted]
[debug] [2026-01-31T21:10:29.647Z] <<< [apiv2][status] GET https://serviceusage.googleapis.com/v1/projects/tankpool-ocr/services/firebaseapphosting.googleapis.com 200
[debug] [2026-01-31T21:10:29.647Z] <<< [apiv2][body] GET https://serviceusage.googleapis.com/v1/projects/tankpool-ocr/services/firebaseapphosting.googleapis.com [omitted]
[debug] [2026-01-31T21:10:29.665Z] <<< [apiv2][status] GET https://serviceusage.googleapis.com/v1/projects/tankpool-ocr/services/cloudfunctions.googleapis.com 200
[debug] [2026-01-31T21:10:29.665Z] <<< [apiv2][body] GET https://serviceusage.googleapis.com/v1/projects/tankpool-ocr/services/cloudfunctions.googleapis.com [omitted]
[debug] [2026-01-31T21:10:29.666Z] <<< [apiv2][status] GET https://serviceusage.googleapis.com/v1/projects/tankpool-ocr/services/cloudfunctions.googleapis.com 200
[debug] [2026-01-31T21:10:29.666Z] <<< [apiv2][body] GET https://serviceusage.googleapis.com/v1/projects/tankpool-ocr/services/cloudfunctions.googleapis.com [omitted]
[debug] [2026-01-31T21:10:29.752Z] <<< [apiv2][status] GET https://serviceusage.googleapis.com/v1/projects/tankpool-ocr/services/firebasedataconnect.googleapis.com 200
[debug] [2026-01-31T21:10:29.753Z] <<< [apiv2][body] GET https://serviceusage.googleapis.com/v1/projects/tankpool-ocr/services/firebasedataconnect.googleapis.com [omitted]
[debug] [2026-01-31T21:10:29.791Z] > command requires scopes: ["email","openid","https://www.googleapis.com/auth/cloudplatformprojects.readonly","https://www.googleapis.com/auth/firebase","https://www.googleapis.com/auth/cloud-platform"]
[debug] [2026-01-31T21:10:29.792Z] > authorizing via signed-in user (zanies79@gmail.com)
[debug] [2026-01-31T21:10:29.792Z] Checked if tokens are valid: true, expires at: 1769895566664
[debug] [2026-01-31T21:10:29.792Z] Checked if tokens are valid: true, expires at: 1769895566664
[debug] [2026-01-31T21:10:29.792Z] >>> [apiv2][query] GET https://cloudbilling.googleapis.com/v1/projects/tankpool-ocr/billingInfo [none]
[debug] [2026-01-31T21:10:30.112Z] <<< [apiv2][status] GET https://cloudbilling.googleapis.com/v1/projects/tankpool-ocr/billingInfo 200
[debug] [2026-01-31T21:10:30.113Z] <<< [apiv2][body] GET https://cloudbilling.googleapis.com/v1/projects/tankpool-ocr/billingInfo {"name":"projects/tankpool-ocr/billingInfo","projectId":"tankpool-ocr","billingAccountName":"","billingEnabled":false}
[debug] [2026-01-31T21:10:30.115Z] > command requires scopes: ["email","openid","https://www.googleapis.com/auth/cloudplatformprojects.readonly","https://www.googleapis.com/auth/firebase","https://www.googleapis.com/auth/cloud-platform"]
[debug] [2026-01-31T21:10:30.115Z] > authorizing via signed-in user (zanies79@gmail.com)
[debug] [2026-01-31T21:10:30.116Z] <<< [apiv2][status] GET https://cloudbilling.googleapis.com/v1/projects/tankpool-ocr/billingInfo 200
[debug] [2026-01-31T21:10:30.116Z] <<< [apiv2][body] GET https://cloudbilling.googleapis.com/v1/projects/tankpool-ocr/billingInfo {"name":"projects/tankpool-ocr/billingInfo","projectId":"tankpool-ocr","billingAccountName":"","billingEnabled":false}
[debug] [2026-01-31T21:10:30.118Z] > command requires scopes: ["email","openid","https://www.googleapis.com/auth/cloudplatformprojects.readonly","https://www.googleapis.com/auth/firebase","https://www.googleapis.com/auth/cloud-platform"]
[debug] [2026-01-31T21:10:30.119Z] > authorizing via signed-in user (zanies79@gmail.com)
[debug] [2026-01-31T22:35:42.693Z] > command requires scopes: ["email","openid","https://www.googleapis.com/auth/cloudplatformprojects.readonly","https://www.googleapis.com/auth/firebase","https://www.googleapis.com/auth/cloud-platform"]
[debug] [2026-01-31T22:35:42.694Z] > authorizing via signed-in user (zanies79@gmail.com)
[debug] [2026-01-31T22:35:42.694Z] > command requires scopes: ["email","openid","https://www.googleapis.com/auth/cloudplatformprojects.readonly","https://www.googleapis.com/auth/firebase","https://www.googleapis.com/auth/cloud-platform"]
[debug] [2026-01-31T22:35:42.695Z] > authorizing via signed-in user (zanies79@gmail.com)
[debug] [2026-01-31T22:35:42.695Z] Checked if tokens are valid: false, expires at: 1769895566664
[debug] [2026-01-31T22:35:42.695Z] Checked if tokens are valid: false, expires at: 1769895566664
[debug] [2026-01-31T22:35:42.695Z] > refreshing access token with scopes: []
[debug] [2026-01-31T22:35:42.696Z] >>> [apiv2][query] POST https://www.googleapis.com/oauth2/v3/token [none]
[debug] [2026-01-31T22:35:42.696Z] >>> [apiv2][body] POST https://www.googleapis.com/oauth2/v3/token [omitted]
[debug] [2026-01-31T22:35:42.697Z] Checked if tokens are valid: false, expires at: 1769895566664
[debug] [2026-01-31T22:35:42.697Z] Checked if tokens are valid: false, expires at: 1769895566664
[debug] [2026-01-31T22:35:42.697Z] > refreshing access token with scopes: []
[debug] [2026-01-31T22:35:42.697Z] >>> [apiv2][query] POST https://www.googleapis.com/oauth2/v3/token [none]
[debug] [2026-01-31T22:35:42.697Z] >>> [apiv2][body] POST https://www.googleapis.com/oauth2/v3/token [omitted]
[debug] [2026-01-31T22:35:42.697Z] > command requires scopes: ["email","openid","https://www.googleapis.com/auth/cloudplatformprojects.readonly","https://www.googleapis.com/auth/firebase","https://www.googleapis.com/auth/cloud-platform"]
[debug] [2026-01-31T22:35:42.697Z] > authorizing via signed-in user (zanies79@gmail.com)
[debug] [2026-01-31T22:35:42.697Z] Checked if tokens are valid: false, expires at: 1769895566664
[debug] [2026-01-31T22:35:42.697Z] Checked if tokens are valid: false, expires at: 1769895566664
[debug] [2026-01-31T22:35:42.697Z] > refreshing access token with scopes: []
[debug] [2026-01-31T22:35:42.697Z] >>> [apiv2][query] POST https://www.googleapis.com/oauth2/v3/token [none]
[debug] [2026-01-31T22:35:42.697Z] >>> [apiv2][body] POST https://www.googleapis.com/oauth2/v3/token [omitted]
[debug] [2026-01-31T22:35:42.847Z] <<< [apiv2][status] POST https://www.googleapis.com/oauth2/v3/token 200
[debug] [2026-01-31T22:35:42.847Z] <<< [apiv2][body] POST https://www.googleapis.com/oauth2/v3/token [omitted]
[debug] [2026-01-31T22:35:42.862Z] >>> [apiv2][query] GET https://cloudbilling.googleapis.com/v1/projects/tankpool-ocr/billingInfo [none]
[debug] [2026-01-31T22:35:42.866Z] <<< [apiv2][status] POST https://www.googleapis.com/oauth2/v3/token 200
[debug] [2026-01-31T22:35:42.866Z] <<< [apiv2][body] POST https://www.googleapis.com/oauth2/v3/token [omitted]
[debug] [2026-01-31T22:35:42.878Z] >>> [apiv2][query] GET https://cloudbilling.googleapis.com/v1/projects/tankpool-ocr/billingInfo [none]
[debug] [2026-01-31T22:35:42.879Z] <<< [apiv2][status] POST https://www.googleapis.com/oauth2/v3/token 200
[debug] [2026-01-31T22:35:42.879Z] <<< [apiv2][body] POST https://www.googleapis.com/oauth2/v3/token [omitted]
[debug] [2026-01-31T22:35:42.889Z] >>> [apiv2][query] GET https://cloudbilling.googleapis.com/v1/projects/tankpool-ocr/billingInfo [none]
[debug] [2026-01-31T22:35:43.656Z] <<< [apiv2][status] GET https://cloudbilling.googleapis.com/v1/projects/tankpool-ocr/billingInfo 200
[debug] [2026-01-31T22:35:43.656Z] <<< [apiv2][body] GET https://cloudbilling.googleapis.com/v1/projects/tankpool-ocr/billingInfo {"name":"projects/tankpool-ocr/billingInfo","projectId":"tankpool-ocr","billingAccountName":"","billingEnabled":false}
[debug] [2026-01-31T22:35:43.663Z] Checked if tokens are valid: true, expires at: 1769902541879
[debug] [2026-01-31T22:35:43.663Z] Checked if tokens are valid: true, expires at: 1769902541879
[debug] [2026-01-31T22:35:43.664Z] Checked if tokens are valid: true, expires at: 1769902541879
[debug] [2026-01-31T22:35:43.664Z] Checked if tokens are valid: true, expires at: 1769902541879
[debug] [2026-01-31T22:35:43.675Z] Checked if tokens are valid: true, expires at: 1769902541879
[debug] [2026-01-31T22:35:43.675Z] Checked if tokens are valid: true, expires at: 1769902541879
[debug] [2026-01-31T22:35:43.675Z] Checked if tokens are valid: true, expires at: 1769902541879
[debug] [2026-01-31T22:35:43.675Z] Checked if tokens are valid: true, expires at: 1769902541879
[debug] [2026-01-31T22:35:43.675Z] >>> [apiv2][query] GET https://serviceusage.googleapis.com/v1/projects/tankpool-ocr/services/firebasedataconnect.googleapis.com [none]
[debug] [2026-01-31T22:35:43.675Z] >>> [apiv2][(partial)header] GET https://serviceusage.googleapis.com/v1/projects/tankpool-ocr/services/firebasedataconnect.googleapis.com  x-goog-user-project=tankpool-ocr
[debug] [2026-01-31T22:35:43.677Z] >>> [apiv2][query] GET https://serviceusage.googleapis.com/v1/projects/tankpool-ocr/services/cloudfunctions.googleapis.com [none]
[debug] [2026-01-31T22:35:43.677Z] >>> [apiv2][(partial)header] GET https://serviceusage.googleapis.com/v1/projects/tankpool-ocr/services/cloudfunctions.googleapis.com  x-goog-user-project=tankpool-ocr
[debug] [2026-01-31T22:35:43.678Z] >>> [apiv2][query] GET https://serviceusage.googleapis.com/v1/projects/tankpool-ocr/services/firebaseapphosting.googleapis.com [none]
[debug] [2026-01-31T22:35:43.678Z] >>> [apiv2][(partial)header] GET https://serviceusage.googleapis.com/v1/projects/tankpool-ocr/services/firebaseapphosting.googleapis.com  x-goog-user-project=tankpool-ocr
[debug] [2026-01-31T22:35:43.679Z] >>> [apiv2][query] GET https://serviceusage.googleapis.com/v1/projects/tankpool-ocr/services/firebaseio.com [none]
[debug] [2026-01-31T22:35:43.679Z] >>> [apiv2][(partial)header] GET https://serviceusage.googleapis.com/v1/projects/tankpool-ocr/services/firebaseio.com  x-goog-user-project=tankpool-ocr
[debug] [2026-01-31T22:35:43.686Z] <<< [apiv2][status] GET https://cloudbilling.googleapis.com/v1/projects/tankpool-ocr/billingInfo 200
[debug] [2026-01-31T22:35:43.686Z] <<< [apiv2][body] GET https://cloudbilling.googleapis.com/v1/projects/tankpool-ocr/billingInfo {"name":"projects/tankpool-ocr/billingInfo","projectId":"tankpool-ocr","billingAccountName":"","billingEnabled":false}
[debug] [2026-01-31T22:35:43.687Z] Checked if tokens are valid: true, expires at: 1769902541879
[debug] [2026-01-31T22:35:43.687Z] Checked if tokens are valid: true, expires at: 1769902541879
[debug] [2026-01-31T22:35:43.687Z] Checked if tokens are valid: true, expires at: 1769902541879
[debug] [2026-01-31T22:35:43.687Z] Checked if tokens are valid: true, expires at: 1769902541879
[debug] [2026-01-31T22:35:43.690Z] Checked if tokens are valid: true, expires at: 1769902541879
[debug] [2026-01-31T22:35:43.690Z] Checked if tokens are valid: true, expires at: 1769902541879
[debug] [2026-01-31T22:35:43.690Z] Checked if tokens are valid: true, expires at: 1769902541879
[debug] [2026-01-31T22:35:43.690Z] Checked if tokens are valid: true, expires at: 1769902541879
[debug] [2026-01-31T22:35:43.690Z] >>> [apiv2][query] GET https://serviceusage.googleapis.com/v1/projects/tankpool-ocr/services/firebasedataconnect.googleapis.com [none]
[debug] [2026-01-31T22:35:43.690Z] >>> [apiv2][(partial)header] GET https://serviceusage.googleapis.com/v1/projects/tankpool-ocr/services/firebasedataconnect.googleapis.com  x-goog-user-project=tankpool-ocr
[debug] [2026-01-31T22:35:43.691Z] >>> [apiv2][query] GET https://serviceusage.googleapis.com/v1/projects/tankpool-ocr/services/cloudfunctions.googleapis.com [none]
[debug] [2026-01-31T22:35:43.691Z] >>> [apiv2][(partial)header] GET https://serviceusage.googleapis.com/v1/projects/tankpool-ocr/services/cloudfunctions.googleapis.com  x-goog-user-project=tankpool-ocr
[debug] [2026-01-31T22:35:43.691Z] >>> [apiv2][query] GET https://serviceusage.googleapis.com/v1/projects/tankpool-ocr/services/firebaseapphosting.googleapis.com [none]
[debug] [2026-01-31T22:35:43.691Z] >>> [apiv2][(partial)header] GET https://serviceusage.googleapis.com/v1/projects/tankpool-ocr/services/firebaseapphosting.googleapis.com  x-goog-user-project=tankpool-ocr
[debug] [2026-01-31T22:35:43.692Z] >>> [apiv2][query] GET https://serviceusage.googleapis.com/v1/projects/tankpool-ocr/services/firebaseio.com [none]
[debug] [2026-01-31T22:35:43.692Z] >>> [apiv2][(partial)header] GET https://serviceusage.googleapis.com/v1/projects/tankpool-ocr/services/firebaseio.com  x-goog-user-project=tankpool-ocr
[debug] [2026-01-31T22:35:43.693Z] <<< [apiv2][status] GET https://cloudbilling.googleapis.com/v1/projects/tankpool-ocr/billingInfo 200
[debug] [2026-01-31T22:35:43.693Z] <<< [apiv2][body] GET https://cloudbilling.googleapis.com/v1/projects/tankpool-ocr/billingInfo {"name":"projects/tankpool-ocr/billingInfo","projectId":"tankpool-ocr","billingAccountName":"","billingEnabled":false}
[debug] [2026-01-31T22:35:43.693Z] Checked if tokens are valid: true, expires at: 1769902541879
[debug] [2026-01-31T22:35:43.693Z] Checked if tokens are valid: true, expires at: 1769902541879
[debug] [2026-01-31T22:35:43.693Z] Checked if tokens are valid: true, expires at: 1769902541879
[debug] [2026-01-31T22:35:43.693Z] Checked if tokens are valid: true, expires at: 1769902541879
[debug] [2026-01-31T22:35:43.696Z] Checked if tokens are valid: true, expires at: 1769902541879
[debug] [2026-01-31T22:35:43.696Z] Checked if tokens are valid: true, expires at: 1769902541879
[debug] [2026-01-31T22:35:43.696Z] Checked if tokens are valid: true, expires at: 1769902541879
[debug] [2026-01-31T22:35:43.696Z] Checked if tokens are valid: true, expires at: 1769902541879
[debug] [2026-01-31T22:35:43.696Z] >>> [apiv2][query] GET https://serviceusage.googleapis.com/v1/projects/tankpool-ocr/services/firebasedataconnect.googleapis.com [none]
[debug] [2026-01-31T22:35:43.696Z] >>> [apiv2][(partial)header] GET https://serviceusage.googleapis.com/v1/projects/tankpool-ocr/services/firebasedataconnect.googleapis.com  x-goog-user-project=tankpool-ocr
[debug] [2026-01-31T22:35:43.697Z] >>> [apiv2][query] GET https://serviceusage.googleapis.com/v1/projects/tankpool-ocr/services/cloudfunctions.googleapis.com [none]
[debug] [2026-01-31T22:35:43.697Z] >>> [apiv2][(partial)header] GET https://serviceusage.googleapis.com/v1/projects/tankpool-ocr/services/cloudfunctions.googleapis.com  x-goog-user-project=tankpool-ocr
[debug] [2026-01-31T22:35:43.697Z] >>> [apiv2][query] GET https://serviceusage.googleapis.com/v1/projects/tankpool-ocr/services/firebaseapphosting.googleapis.com [none]
[debug] [2026-01-31T22:35:43.697Z] >>> [apiv2][(partial)header] GET https://serviceusage.googleapis.com/v1/projects/tankpool-ocr/services/firebaseapphosting.googleapis.com  x-goog-user-project=tankpool-ocr
[debug] [2026-01-31T22:35:43.698Z] >>> [apiv2][query] GET https://serviceusage.googleapis.com/v1/projects/tankpool-ocr/services/firebaseio.com [none]
[debug] [2026-01-31T22:35:43.698Z] >>> [apiv2][(partial)header] GET https://serviceusage.googleapis.com/v1/projects/tankpool-ocr/services/firebaseio.com  x-goog-user-project=tankpool-ocr
[debug] [2026-01-31T22:35:44.535Z] <<< [apiv2][status] GET https://serviceusage.googleapis.com/v1/projects/tankpool-ocr/services/firebaseio.com 403
[debug] [2026-01-31T22:35:44.535Z] <<< [apiv2][body] GET https://serviceusage.googleapis.com/v1/projects/tankpool-ocr/services/firebaseio.com [omitted]
[debug] [2026-01-31T22:35:44.537Z] <<< [apiv2][status] GET https://serviceusage.googleapis.com/v1/projects/tankpool-ocr/services/firebaseio.com 403
[debug] [2026-01-31T22:35:44.537Z] <<< [apiv2][body] GET https://serviceusage.googleapis.com/v1/projects/tankpool-ocr/services/firebaseio.com [omitted]
[debug] [2026-01-31T22:35:44.562Z] <<< [apiv2][status] GET https://serviceusage.googleapis.com/v1/projects/tankpool-ocr/services/firebaseio.com 403
[debug] [2026-01-31T22:35:44.563Z] <<< [apiv2][body] GET https://serviceusage.googleapis.com/v1/projects/tankpool-ocr/services/firebaseio.com [omitted]
[debug] [2026-01-31T22:35:44.630Z] <<< [apiv2][status] GET https://serviceusage.googleapis.com/v1/projects/tankpool-ocr/services/firebasedataconnect.googleapis.com 200
[debug] [2026-01-31T22:35:44.630Z] <<< [apiv2][body] GET https://serviceusage.googleapis.com/v1/projects/tankpool-ocr/services/firebasedataconnect.googleapis.com [omitted]
[debug] [2026-01-31T22:35:44.631Z] <<< [apiv2][status] GET https://serviceusage.googleapis.com/v1/projects/tankpool-ocr/services/cloudfunctions.googleapis.com 200
[debug] [2026-01-31T22:35:44.631Z] <<< [apiv2][body] GET https://serviceusage.googleapis.com/v1/projects/tankpool-ocr/services/cloudfunctions.googleapis.com [omitted]
[debug] [2026-01-31T22:35:44.635Z] <<< [apiv2][status] GET https://serviceusage.googleapis.com/v1/projects/tankpool-ocr/services/firebaseapphosting.googleapis.com 200
[debug] [2026-01-31T22:35:44.636Z] <<< [apiv2][body] GET https://serviceusage.googleapis.com/v1/projects/tankpool-ocr/services/firebaseapphosting.googleapis.com [omitted]
[debug] [2026-01-31T22:35:44.638Z] <<< [apiv2][status] GET https://serviceusage.googleapis.com/v1/projects/tankpool-ocr/services/firebaseapphosting.googleapis.com 200
[debug] [2026-01-31T22:35:44.638Z] <<< [apiv2][body] GET https://serviceusage.googleapis.com/v1/projects/tankpool-ocr/services/firebaseapphosting.googleapis.com [omitted]
[debug] [2026-01-31T22:35:44.639Z] <<< [apiv2][status] GET https://serviceusage.googleapis.com/v1/projects/tankpool-ocr/services/cloudfunctions.googleapis.com 200
[debug] [2026-01-31T22:35:44.639Z] <<< [apiv2][body] GET https://serviceusage.googleapis.com/v1/projects/tankpool-ocr/services/cloudfunctions.googleapis.com [omitted]
[debug] [2026-01-31T22:35:44.643Z] <<< [apiv2][status] GET https://serviceusage.googleapis.com/v1/projects/tankpool-ocr/services/firebaseapphosting.googleapis.com 200
[debug] [2026-01-31T22:35:44.643Z] <<< [apiv2][body] GET https://serviceusage.googleapis.com/v1/projects/tankpool-ocr/services/firebaseapphosting.googleapis.com [omitted]
[debug] [2026-01-31T22:35:44.645Z] <<< [apiv2][status] GET https://serviceusage.googleapis.com/v1/projects/tankpool-ocr/services/firebasedataconnect.googleapis.com 200
[debug] [2026-01-31T22:35:44.645Z] <<< [apiv2][body] GET https://serviceusage.googleapis.com/v1/projects/tankpool-ocr/services/firebasedataconnect.googleapis.com [omitted]
[debug] [2026-01-31T22:35:44.648Z] <<< [apiv2][status] GET https://serviceusage.googleapis.com/v1/projects/tankpool-ocr/services/cloudfunctions.googleapis.com 200
[debug] [2026-01-31T22:35:44.648Z] <<< [apiv2][body] GET https://serviceusage.googleapis.com/v1/projects/tankpool-ocr/services/cloudfunctions.googleapis.com [omitted]
[debug] [2026-01-31T22:35:44.652Z] <<< [apiv2][status] GET https://serviceusage.googleapis.com/v1/projects/tankpool-ocr/services/firebasedataconnect.googleapis.com 200
[debug] [2026-01-31T22:35:44.652Z] <<< [apiv2][body] GET https://serviceusage.googleapis.com/v1/projects/tankpool-ocr/services/firebasedataconnect.googleapis.com [omitted]
[debug] [2026-01-31T22:35:44.686Z] > command requires scopes: ["email","openid","https://www.googleapis.com/auth/cloudplatformprojects.readonly","https://www.googleapis.com/auth/firebase","https://www.googleapis.com/auth/cloud-platform"]
[debug] [2026-01-31T22:35:44.686Z] > authorizing via signed-in user (zanies79@gmail.com)
[debug] [2026-01-31T22:35:44.686Z] Checked if tokens are valid: true, expires at: 1769902541879
[debug] [2026-01-31T22:35:44.687Z] Checked if tokens are valid: true, expires at: 1769902541879
[debug] [2026-01-31T22:35:44.687Z] >>> [apiv2][query] GET https://cloudbilling.googleapis.com/v1/projects/tankpool-ocr/billingInfo [none]
[debug] [2026-01-31T22:35:44.690Z] > command requires scopes: ["email","openid","https://www.googleapis.com/auth/cloudplatformprojects.readonly","https://www.googleapis.com/auth/firebase","https://www.googleapis.com/auth/cloud-platform"]
[debug] [2026-01-31T22:35:44.690Z] > authorizing via signed-in user (zanies79@gmail.com)
[debug] [2026-01-31T22:35:44.691Z] Checked if tokens are valid: true, expires at: 1769902541879
[debug] [2026-01-31T22:35:44.691Z] Checked if tokens are valid: true, expires at: 1769902541879
[debug] [2026-01-31T22:35:44.691Z] >>> [apiv2][query] GET https://cloudbilling.googleapis.com/v1/projects/tankpool-ocr/billingInfo [none]
[debug] [2026-01-31T22:35:44.966Z] <<< [apiv2][status] GET https://cloudbilling.googleapis.com/v1/projects/tankpool-ocr/billingInfo 200
[debug] [2026-01-31T22:35:44.966Z] <<< [apiv2][body] GET https://cloudbilling.googleapis.com/v1/projects/tankpool-ocr/billingInfo {"name":"projects/tankpool-ocr/billingInfo","projectId":"tankpool-ocr","billingAccountName":"","billingEnabled":false}
[debug] [2026-01-31T22:35:44.968Z] > command requires scopes: ["email","openid","https://www.googleapis.com/auth/cloudplatformprojects.readonly","https://www.googleapis.com/auth/firebase","https://www.googleapis.com/auth/cloud-platform"]
[debug] [2026-01-31T22:35:44.969Z] > authorizing via signed-in user (zanies79@gmail.com)
[debug] [2026-01-31T22:35:45.308Z] <<< [apiv2][status] GET https://cloudbilling.googleapis.com/v1/projects/tankpool-ocr/billingInfo 200
[debug] [2026-01-31T22:35:45.308Z] <<< [apiv2][body] GET https://cloudbilling.googleapis.com/v1/projects/tankpool-ocr/billingInfo {"name":"projects/tankpool-ocr/billingInfo","projectId":"tankpool-ocr","billingAccountName":"","billingEnabled":false}
[debug] [2026-01-31T22:35:45.309Z] > command requires scopes: ["email","openid","https://www.googleapis.com/auth/cloudplatformprojects.readonly","https://www.googleapis.com/auth/firebase","https://www.googleapis.com/auth/cloud-platform"]
[debug] [2026-01-31T22:35:45.310Z] > authorizing via signed-in user (zanies79@gmail.com)
[debug] [2026-02-01T14:49:26.850Z] > command requires scopes: ["email","openid","https://www.googleapis.com/auth/cloudplatformprojects.readonly","https://www.googleapis.com/auth/firebase","https://www.googleapis.com/auth/cloud-platform"]
[debug] [2026-02-01T14:49:26.851Z] > authorizing via signed-in user (zanies79@gmail.com)
[debug] [2026-02-01T14:49:26.851Z] > command requires scopes: ["email","openid","https://www.googleapis.com/auth/cloudplatformprojects.readonly","https://www.googleapis.com/auth/firebase","https://www.googleapis.com/auth/cloud-platform"]
[debug] [2026-02-01T14:49:26.851Z] > authorizing via signed-in user (zanies79@gmail.com)
[debug] [2026-02-01T14:49:26.851Z] Checked if tokens are valid: false, expires at: 1769902541879
[debug] [2026-02-01T14:49:26.851Z] Checked if tokens are valid: false, expires at: 1769902541879
[debug] [2026-02-01T14:49:26.851Z] > refreshing access token with scopes: []
[debug] [2026-02-01T14:49:26.852Z] >>> [apiv2][query] POST https://www.googleapis.com/oauth2/v3/token [none]
[debug] [2026-02-01T14:49:26.852Z] >>> [apiv2][body] POST https://www.googleapis.com/oauth2/v3/token [omitted]
[debug] [2026-02-01T14:49:26.853Z] Checked if tokens are valid: false, expires at: 1769902541879
[debug] [2026-02-01T14:49:26.853Z] Checked if tokens are valid: false, expires at: 1769902541879
[debug] [2026-02-01T14:49:26.853Z] > refreshing access token with scopes: []
[debug] [2026-02-01T14:49:26.853Z] >>> [apiv2][query] POST https://www.googleapis.com/oauth2/v3/token [none]
[debug] [2026-02-01T14:49:26.853Z] >>> [apiv2][body] POST https://www.googleapis.com/oauth2/v3/token [omitted]
[debug] [2026-02-01T14:49:26.854Z] > command requires scopes: ["email","openid","https://www.googleapis.com/auth/cloudplatformprojects.readonly","https://www.googleapis.com/auth/firebase","https://www.googleapis.com/auth/cloud-platform"]
[debug] [2026-02-01T14:49:26.854Z] > authorizing via signed-in user (zanies79@gmail.com)
[debug] [2026-02-01T14:49:26.854Z] Checked if tokens are valid: false, expires at: 1769902541879
[debug] [2026-02-01T14:49:26.854Z] Checked if tokens are valid: false, expires at: 1769902541879
[debug] [2026-02-01T14:49:26.854Z] > refreshing access token with scopes: []
[debug] [2026-02-01T14:49:26.854Z] >>> [apiv2][query] POST https://www.googleapis.com/oauth2/v3/token [none]
[debug] [2026-02-01T14:49:26.854Z] >>> [apiv2][body] POST https://www.googleapis.com/oauth2/v3/token [omitted]
[debug] [2026-02-01T14:49:26.997Z] <<< [apiv2][status] POST https://www.googleapis.com/oauth2/v3/token 200
[debug] [2026-02-01T14:49:26.997Z] <<< [apiv2][body] POST https://www.googleapis.com/oauth2/v3/token [omitted]
[debug] [2026-02-01T14:49:27.009Z] >>> [apiv2][query] GET https://cloudbilling.googleapis.com/v1/projects/tankpool-ocr/billingInfo [none]
[debug] [2026-02-01T14:49:27.012Z] <<< [apiv2][status] POST https://www.googleapis.com/oauth2/v3/token 200
[debug] [2026-02-01T14:49:27.012Z] <<< [apiv2][body] POST https://www.googleapis.com/oauth2/v3/token [omitted]
[debug] [2026-02-01T14:49:27.024Z] >>> [apiv2][query] GET https://cloudbilling.googleapis.com/v1/projects/tankpool-ocr/billingInfo [none]
[debug] [2026-02-01T14:49:27.025Z] <<< [apiv2][status] POST https://www.googleapis.com/oauth2/v3/token 200
[debug] [2026-02-01T14:49:27.025Z] <<< [apiv2][body] POST https://www.googleapis.com/oauth2/v3/token [omitted]
[debug] [2026-02-01T14:49:27.033Z] >>> [apiv2][query] GET https://cloudbilling.googleapis.com/v1/projects/tankpool-ocr/billingInfo [none]
[debug] [2026-02-01T14:49:27.790Z] <<< [apiv2][status] GET https://cloudbilling.googleapis.com/v1/projects/tankpool-ocr/billingInfo 200
[debug] [2026-02-01T14:49:27.790Z] <<< [apiv2][body] GET https://cloudbilling.googleapis.com/v1/projects/tankpool-ocr/billingInfo {"name":"projects/tankpool-ocr/billingInfo","projectId":"tankpool-ocr","billingAccountName":"","billingEnabled":false}
[debug] [2026-02-01T14:49:27.798Z] Checked if tokens are valid: true, expires at: 1769960966025
[debug] [2026-02-01T14:49:27.798Z] Checked if tokens are valid: true, expires at: 1769960966025
[debug] [2026-02-01T14:49:27.798Z] Checked if tokens are valid: true, expires at: 1769960966025
[debug] [2026-02-01T14:49:27.798Z] Checked if tokens are valid: true, expires at: 1769960966025
[debug] [2026-02-01T14:49:27.810Z] Checked if tokens are valid: true, expires at: 1769960966025
[debug] [2026-02-01T14:49:27.810Z] Checked if tokens are valid: true, expires at: 1769960966025
[debug] [2026-02-01T14:49:27.810Z] Checked if tokens are valid: true, expires at: 1769960966025
[debug] [2026-02-01T14:49:27.810Z] Checked if tokens are valid: true, expires at: 1769960966025
[debug] [2026-02-01T14:49:27.810Z] >>> [apiv2][query] GET https://serviceusage.googleapis.com/v1/projects/tankpool-ocr/services/firebasedataconnect.googleapis.com [none]
[debug] [2026-02-01T14:49:27.811Z] >>> [apiv2][(partial)header] GET https://serviceusage.googleapis.com/v1/projects/tankpool-ocr/services/firebasedataconnect.googleapis.com  x-goog-user-project=tankpool-ocr
[debug] [2026-02-01T14:49:27.812Z] >>> [apiv2][query] GET https://serviceusage.googleapis.com/v1/projects/tankpool-ocr/services/cloudfunctions.googleapis.com [none]
[debug] [2026-02-01T14:49:27.812Z] >>> [apiv2][(partial)header] GET https://serviceusage.googleapis.com/v1/projects/tankpool-ocr/services/cloudfunctions.googleapis.com  x-goog-user-project=tankpool-ocr
[debug] [2026-02-01T14:49:27.813Z] >>> [apiv2][query] GET https://serviceusage.googleapis.com/v1/projects/tankpool-ocr/services/firebaseapphosting.googleapis.com [none]
[debug] [2026-02-01T14:49:27.813Z] >>> [apiv2][(partial)header] GET https://serviceusage.googleapis.com/v1/projects/tankpool-ocr/services/firebaseapphosting.googleapis.com  x-goog-user-project=tankpool-ocr
[debug] [2026-02-01T14:49:27.814Z] >>> [apiv2][query] GET https://serviceusage.googleapis.com/v1/projects/tankpool-ocr/services/firebaseio.com [none]
[debug] [2026-02-01T14:49:27.814Z] >>> [apiv2][(partial)header] GET https://serviceusage.googleapis.com/v1/projects/tankpool-ocr/services/firebaseio.com  x-goog-user-project=tankpool-ocr
[debug] [2026-02-01T14:49:27.980Z] <<< [apiv2][status] GET https://cloudbilling.googleapis.com/v1/projects/tankpool-ocr/billingInfo 200
[debug] [2026-02-01T14:49:27.980Z] <<< [apiv2][body] GET https://cloudbilling.googleapis.com/v1/projects/tankpool-ocr/billingInfo {"name":"projects/tankpool-ocr/billingInfo","projectId":"tankpool-ocr","billingAccountName":"","billingEnabled":false}
[debug] [2026-02-01T14:49:27.981Z] Checked if tokens are valid: true, expires at: 1769960966025
[debug] [2026-02-01T14:49:27.981Z] Checked if tokens are valid: true, expires at: 1769960966025
[debug] [2026-02-01T14:49:27.981Z] Checked if tokens are valid: true, expires at: 1769960966025
[debug] [2026-02-01T14:49:27.982Z] Checked if tokens are valid: true, expires at: 1769960966025
[debug] [2026-02-01T14:49:27.985Z] Checked if tokens are valid: true, expires at: 1769960966025
[debug] [2026-02-01T14:49:27.985Z] Checked if tokens are valid: true, expires at: 1769960966025
[debug] [2026-02-01T14:49:27.985Z] Checked if tokens are valid: true, expires at: 1769960966025
[debug] [2026-02-01T14:49:27.985Z] Checked if tokens are valid: true, expires at: 1769960966025
[debug] [2026-02-01T14:49:27.985Z] >>> [apiv2][query] GET https://serviceusage.googleapis.com/v1/projects/tankpool-ocr/services/firebasedataconnect.googleapis.com [none]
[debug] [2026-02-01T14:49:27.985Z] >>> [apiv2][(partial)header] GET https://serviceusage.googleapis.com/v1/projects/tankpool-ocr/services/firebasedataconnect.googleapis.com  x-goog-user-project=tankpool-ocr
[debug] [2026-02-01T14:49:27.987Z] >>> [apiv2][query] GET https://serviceusage.googleapis.com/v1/projects/tankpool-ocr/services/cloudfunctions.googleapis.com [none]
[debug] [2026-02-01T14:49:27.987Z] >>> [apiv2][(partial)header] GET https://serviceusage.googleapis.com/v1/projects/tankpool-ocr/services/cloudfunctions.googleapis.com  x-goog-user-project=tankpool-ocr
[debug] [2026-02-01T14:49:27.987Z] >>> [apiv2][query] GET https://serviceusage.googleapis.com/v1/projects/tankpool-ocr/services/firebaseapphosting.googleapis.com [none]
[debug] [2026-02-01T14:49:27.987Z] >>> [apiv2][(partial)header] GET https://serviceusage.googleapis.com/v1/projects/tankpool-ocr/services/firebaseapphosting.googleapis.com  x-goog-user-project=tankpool-ocr
[debug] [2026-02-01T14:49:27.988Z] >>> [apiv2][query] GET https://serviceusage.googleapis.com/v1/projects/tankpool-ocr/services/firebaseio.com [none]
[debug] [2026-02-01T14:49:27.988Z] >>> [apiv2][(partial)header] GET https://serviceusage.googleapis.com/v1/projects/tankpool-ocr/services/firebaseio.com  x-goog-user-project=tankpool-ocr
[debug] [2026-02-01T14:49:28.427Z] <<< [apiv2][status] GET https://cloudbilling.googleapis.com/v1/projects/tankpool-ocr/billingInfo 200
[debug] [2026-02-01T14:49:28.427Z] <<< [apiv2][body] GET https://cloudbilling.googleapis.com/v1/projects/tankpool-ocr/billingInfo {"name":"projects/tankpool-ocr/billingInfo","projectId":"tankpool-ocr","billingAccountName":"","billingEnabled":false}
[debug] [2026-02-01T14:49:28.428Z] Checked if tokens are valid: true, expires at: 1769960966025
[debug] [2026-02-01T14:49:28.428Z] Checked if tokens are valid: true, expires at: 1769960966025
[debug] [2026-02-01T14:49:28.428Z] Checked if tokens are valid: true, expires at: 1769960966025
[debug] [2026-02-01T14:49:28.428Z] Checked if tokens are valid: true, expires at: 1769960966025
[debug] [2026-02-01T14:49:28.431Z] Checked if tokens are valid: true, expires at: 1769960966025
[debug] [2026-02-01T14:49:28.431Z] Checked if tokens are valid: true, expires at: 1769960966025
[debug] [2026-02-01T14:49:28.431Z] Checked if tokens are valid: true, expires at: 1769960966025
[debug] [2026-02-01T14:49:28.431Z] Checked if tokens are valid: true, expires at: 1769960966025
[debug] [2026-02-01T14:49:28.431Z] >>> [apiv2][query] GET https://serviceusage.googleapis.com/v1/projects/tankpool-ocr/services/firebasedataconnect.googleapis.com [none]
[debug] [2026-02-01T14:49:28.431Z] >>> [apiv2][(partial)header] GET https://serviceusage.googleapis.com/v1/projects/tankpool-ocr/services/firebasedataconnect.googleapis.com  x-goog-user-project=tankpool-ocr
[debug] [2026-02-01T14:49:28.432Z] >>> [apiv2][query] GET https://serviceusage.googleapis.com/v1/projects/tankpool-ocr/services/cloudfunctions.googleapis.com [none]
[debug] [2026-02-01T14:49:28.432Z] >>> [apiv2][(partial)header] GET https://serviceusage.googleapis.com/v1/projects/tankpool-ocr/services/cloudfunctions.googleapis.com  x-goog-user-project=tankpool-ocr
[debug] [2026-02-01T14:49:28.433Z] >>> [apiv2][query] GET https://serviceusage.googleapis.com/v1/projects/tankpool-ocr/services/firebaseapphosting.googleapis.com [none]
[debug] [2026-02-01T14:49:28.433Z] >>> [apiv2][(partial)header] GET https://serviceusage.googleapis.com/v1/projects/tankpool-ocr/services/firebaseapphosting.googleapis.com  x-goog-user-project=tankpool-ocr
[debug] [2026-02-01T14:49:28.434Z] >>> [apiv2][query] GET https://serviceusage.googleapis.com/v1/projects/tankpool-ocr/services/firebaseio.com [none]
[debug] [2026-02-01T14:49:28.434Z] >>> [apiv2][(partial)header] GET https://serviceusage.googleapis.com/v1/projects/tankpool-ocr/services/firebaseio.com  x-goog-user-project=tankpool-ocr
[debug] [2026-02-01T14:49:28.659Z] <<< [apiv2][status] GET https://serviceusage.googleapis.com/v1/projects/tankpool-ocr/services/firebaseio.com 403
[debug] [2026-02-01T14:49:28.659Z] <<< [apiv2][body] GET https://serviceusage.googleapis.com/v1/projects/tankpool-ocr/services/firebaseio.com [omitted]
[debug] [2026-02-01T14:49:28.799Z] <<< [apiv2][status] GET https://serviceusage.googleapis.com/v1/projects/tankpool-ocr/services/firebasedataconnect.googleapis.com 200
[debug] [2026-02-01T14:49:28.800Z] <<< [apiv2][body] GET https://serviceusage.googleapis.com/v1/projects/tankpool-ocr/services/firebasedataconnect.googleapis.com [omitted]
[debug] [2026-02-01T14:49:28.801Z] <<< [apiv2][status] GET https://serviceusage.googleapis.com/v1/projects/tankpool-ocr/services/cloudfunctions.googleapis.com 200
[debug] [2026-02-01T14:49:28.801Z] <<< [apiv2][body] GET https://serviceusage.googleapis.com/v1/projects/tankpool-ocr/services/cloudfunctions.googleapis.com [omitted]
[debug] [2026-02-01T14:49:28.803Z] <<< [apiv2][status] GET https://serviceusage.googleapis.com/v1/projects/tankpool-ocr/services/firebaseapphosting.googleapis.com 200
[debug] [2026-02-01T14:49:28.804Z] <<< [apiv2][body] GET https://serviceusage.googleapis.com/v1/projects/tankpool-ocr/services/firebaseapphosting.googleapis.com [omitted]
[debug] [2026-02-01T14:49:28.846Z] > command requires scopes: ["email","openid","https://www.googleapis.com/auth/cloudplatformprojects.readonly","https://www.googleapis.com/auth/firebase","https://www.googleapis.com/auth/cloud-platform"]
[debug] [2026-02-01T14:49:28.847Z] > authorizing via signed-in user (zanies79@gmail.com)
[debug] [2026-02-01T14:49:28.847Z] Checked if tokens are valid: true, expires at: 1769960966025
[debug] [2026-02-01T14:49:28.847Z] Checked if tokens are valid: true, expires at: 1769960966025
[debug] [2026-02-01T14:49:28.847Z] >>> [apiv2][query] GET https://cloudbilling.googleapis.com/v1/projects/tankpool-ocr/billingInfo [none]
[debug] [2026-02-01T14:49:29.371Z] <<< [apiv2][status] GET https://serviceusage.googleapis.com/v1/projects/tankpool-ocr/services/firebaseio.com 403
[debug] [2026-02-01T14:49:29.371Z] <<< [apiv2][body] GET https://serviceusage.googleapis.com/v1/projects/tankpool-ocr/services/firebaseio.com [omitted]
[debug] [2026-02-01T14:49:29.374Z] <<< [apiv2][status] GET https://serviceusage.googleapis.com/v1/projects/tankpool-ocr/services/firebaseio.com 403
[debug] [2026-02-01T14:49:29.374Z] <<< [apiv2][body] GET https://serviceusage.googleapis.com/v1/projects/tankpool-ocr/services/firebaseio.com [omitted]
[debug] [2026-02-01T14:49:29.480Z] <<< [apiv2][status] GET https://cloudbilling.googleapis.com/v1/projects/tankpool-ocr/billingInfo 200
[debug] [2026-02-01T14:49:29.480Z] <<< [apiv2][body] GET https://cloudbilling.googleapis.com/v1/projects/tankpool-ocr/billingInfo {"name":"projects/tankpool-ocr/billingInfo","projectId":"tankpool-ocr","billingAccountName":"","billingEnabled":false}
[debug] [2026-02-01T14:49:29.482Z] > command requires scopes: ["email","openid","https://www.googleapis.com/auth/cloudplatformprojects.readonly","https://www.googleapis.com/auth/firebase","https://www.googleapis.com/auth/cloud-platform"]
[debug] [2026-02-01T14:49:29.482Z] > authorizing via signed-in user (zanies79@gmail.com)
[debug] [2026-02-01T14:49:29.609Z] <<< [apiv2][status] GET https://serviceusage.googleapis.com/v1/projects/tankpool-ocr/services/firebaseapphosting.googleapis.com 200
[debug] [2026-02-01T14:49:29.609Z] <<< [apiv2][body] GET https://serviceusage.googleapis.com/v1/projects/tankpool-ocr/services/firebaseapphosting.googleapis.com [omitted]
[debug] [2026-02-01T14:49:29.610Z] <<< [apiv2][status] GET https://serviceusage.googleapis.com/v1/projects/tankpool-ocr/services/cloudfunctions.googleapis.com 200
[debug] [2026-02-01T14:49:29.610Z] <<< [apiv2][body] GET https://serviceusage.googleapis.com/v1/projects/tankpool-ocr/services/cloudfunctions.googleapis.com [omitted]
[debug] [2026-02-01T14:49:29.611Z] <<< [apiv2][status] GET https://serviceusage.googleapis.com/v1/projects/tankpool-ocr/services/cloudfunctions.googleapis.com 200
[debug] [2026-02-01T14:49:29.611Z] <<< [apiv2][body] GET https://serviceusage.googleapis.com/v1/projects/tankpool-ocr/services/cloudfunctions.googleapis.com [omitted]
[debug] [2026-02-01T14:49:29.620Z] <<< [apiv2][status] GET https://serviceusage.googleapis.com/v1/projects/tankpool-ocr/services/firebasedataconnect.googleapis.com 200
[debug] [2026-02-01T14:49:29.620Z] <<< [apiv2][body] GET https://serviceusage.googleapis.com/v1/projects/tankpool-ocr/services/firebasedataconnect.googleapis.com [omitted]
[debug] [2026-02-01T14:49:29.630Z] <<< [apiv2][status] GET https://serviceusage.googleapis.com/v1/projects/tankpool-ocr/services/firebasedataconnect.googleapis.com 200
[debug] [2026-02-01T14:49:29.630Z] <<< [apiv2][body] GET https://serviceusage.googleapis.com/v1/projects/tankpool-ocr/services/firebasedataconnect.googleapis.com [omitted]
[debug] [2026-02-01T14:49:29.632Z] <<< [apiv2][status] GET https://serviceusage.googleapis.com/v1/projects/tankpool-ocr/services/firebaseapphosting.googleapis.com 200
[debug] [2026-02-01T14:49:29.632Z] <<< [apiv2][body] GET https://serviceusage.googleapis.com/v1/projects/tankpool-ocr/services/firebaseapphosting.googleapis.com [omitted]
[debug] [2026-02-01T14:49:29.673Z] > command requires scopes: ["email","openid","https://www.googleapis.com/auth/cloudplatformprojects.readonly","https://www.googleapis.com/auth/firebase","https://www.googleapis.com/auth/cloud-platform"]
[debug] [2026-02-01T14:49:29.673Z] > authorizing via signed-in user (zanies79@gmail.com)
[debug] [2026-02-01T14:49:29.674Z] Checked if tokens are valid: true, expires at: 1769960966025
[debug] [2026-02-01T14:49:29.674Z] Checked if tokens are valid: true, expires at: 1769960966025
[debug] [2026-02-01T14:49:29.674Z] >>> [apiv2][query] GET https://cloudbilling.googleapis.com/v1/projects/tankpool-ocr/billingInfo [none]
[debug] [2026-02-01T14:49:30.313Z] <<< [apiv2][status] GET https://cloudbilling.googleapis.com/v1/projects/tankpool-ocr/billingInfo 200
[debug] [2026-02-01T14:49:30.313Z] <<< [apiv2][body] GET https://cloudbilling.googleapis.com/v1/projects/tankpool-ocr/billingInfo {"name":"projects/tankpool-ocr/billingInfo","projectId":"tankpool-ocr","billingAccountName":"","billingEnabled":false}
[debug] [2026-02-01T14:49:30.315Z] > command requires scopes: ["email","openid","https://www.googleapis.com/auth/cloudplatformprojects.readonly","https://www.googleapis.com/auth/firebase","https://www.googleapis.com/auth/cloud-platform"]
[debug] [2026-02-01T14:49:30.315Z] > authorizing via signed-in user (zanies79@gmail.com)
[debug] [2026-02-01T16:04:32.185Z] > command requires scopes: ["email","openid","https://www.googleapis.com/auth/cloudplatformprojects.readonly","https://www.googleapis.com/auth/firebase","https://www.googleapis.com/auth/cloud-platform"]
[debug] [2026-02-01T16:04:32.186Z] > authorizing via signed-in user (zanies79@gmail.com)
[debug] [2026-02-01T16:04:32.187Z] Checked if tokens are valid: false, expires at: 1769960966025
[debug] [2026-02-01T16:04:32.187Z] Checked if tokens are valid: false, expires at: 1769960966025
[debug] [2026-02-01T16:04:32.187Z] > refreshing access token with scopes: []
[debug] [2026-02-01T16:04:32.188Z] >>> [apiv2][query] POST https://www.googleapis.com/oauth2/v3/token [none]
[debug] [2026-02-01T16:04:32.188Z] >>> [apiv2][body] POST https://www.googleapis.com/oauth2/v3/token [omitted]
[debug] [2026-02-01T16:04:32.189Z] > command requires scopes: ["email","openid","https://www.googleapis.com/auth/cloudplatformprojects.readonly","https://www.googleapis.com/auth/firebase","https://www.googleapis.com/auth/cloud-platform"]
[debug] [2026-02-01T16:04:32.189Z] > authorizing via signed-in user (zanies79@gmail.com)
[debug] [2026-02-01T16:04:32.189Z] Checked if tokens are valid: false, expires at: 1769960966025
[debug] [2026-02-01T16:04:32.190Z] Checked if tokens are valid: false, expires at: 1769960966025
[debug] [2026-02-01T16:04:32.190Z] > refreshing access token with scopes: []
[debug] [2026-02-01T16:04:32.190Z] >>> [apiv2][query] POST https://www.googleapis.com/oauth2/v3/token [none]
[debug] [2026-02-01T16:04:32.190Z] >>> [apiv2][body] POST https://www.googleapis.com/oauth2/v3/token [omitted]
[debug] [2026-02-01T16:04:32.328Z] <<< [apiv2][status] POST https://www.googleapis.com/oauth2/v3/token 200
[debug] [2026-02-01T16:04:32.328Z] <<< [apiv2][body] POST https://www.googleapis.com/oauth2/v3/token [omitted]
[debug] [2026-02-01T16:04:32.371Z] >>> [apiv2][query] GET https://cloudbilling.googleapis.com/v1/projects/tankpool-ocr/billingInfo [none]
[debug] [2026-02-01T16:04:32.373Z] <<< [apiv2][status] POST https://www.googleapis.com/oauth2/v3/token 200
[debug] [2026-02-01T16:04:32.373Z] <<< [apiv2][body] POST https://www.googleapis.com/oauth2/v3/token [omitted]
[debug] [2026-02-01T16:04:32.388Z] >>> [apiv2][query] GET https://cloudbilling.googleapis.com/v1/projects/tankpool-ocr/billingInfo [none]
[debug] [2026-02-01T16:04:32.688Z] <<< [apiv2][status] GET https://cloudbilling.googleapis.com/v1/projects/tankpool-ocr/billingInfo 200
[debug] [2026-02-01T16:04:32.688Z] <<< [apiv2][body] GET https://cloudbilling.googleapis.com/v1/projects/tankpool-ocr/billingInfo {"name":"projects/tankpool-ocr/billingInfo","projectId":"tankpool-ocr","billingAccountName":"","billingEnabled":false}
[debug] [2026-02-01T16:04:32.691Z] Checked if tokens are valid: true, expires at: 1769965471373
[debug] [2026-02-01T16:04:32.691Z] Checked if tokens are valid: true, expires at: 1769965471373
[debug] [2026-02-01T16:04:32.691Z] Checked if tokens are valid: true, expires at: 1769965471373
[debug] [2026-02-01T16:04:32.691Z] Checked if tokens are valid: true, expires at: 1769965471373
[debug] [2026-02-01T16:04:32.695Z] Checked if tokens are valid: true, expires at: 1769965471373
[debug] [2026-02-01T16:04:32.695Z] Checked if tokens are valid: true, expires at: 1769965471373
[debug] [2026-02-01T16:04:32.695Z] Checked if tokens are valid: true, expires at: 1769965471373
[debug] [2026-02-01T16:04:32.695Z] Checked if tokens are valid: true, expires at: 1769965471373
[debug] [2026-02-01T16:04:32.696Z] >>> [apiv2][query] GET https://serviceusage.googleapis.com/v1/projects/tankpool-ocr/services/firebasedataconnect.googleapis.com [none]
[debug] [2026-02-01T16:04:32.696Z] >>> [apiv2][(partial)header] GET https://serviceusage.googleapis.com/v1/projects/tankpool-ocr/services/firebasedataconnect.googleapis.com x-goog-quota-user=projects/tankpool-ocr
[debug] [2026-02-01T16:04:32.696Z] >>> [apiv2][query] GET https://serviceusage.googleapis.com/v1/projects/tankpool-ocr/services/cloudfunctions.googleapis.com [none]
[debug] [2026-02-01T16:04:32.696Z] >>> [apiv2][(partial)header] GET https://serviceusage.googleapis.com/v1/projects/tankpool-ocr/services/cloudfunctions.googleapis.com x-goog-quota-user=projects/tankpool-ocr
[debug] [2026-02-01T16:04:32.697Z] >>> [apiv2][query] GET https://serviceusage.googleapis.com/v1/projects/tankpool-ocr/services/firebaseapphosting.googleapis.com [none]
[debug] [2026-02-01T16:04:32.697Z] >>> [apiv2][(partial)header] GET https://serviceusage.googleapis.com/v1/projects/tankpool-ocr/services/firebaseapphosting.googleapis.com x-goog-quota-user=projects/tankpool-ocr
[debug] [2026-02-01T16:04:32.697Z] >>> [apiv2][query] GET https://serviceusage.googleapis.com/v1/projects/tankpool-ocr/services/firebaseio.com [none]
[debug] [2026-02-01T16:04:32.697Z] >>> [apiv2][(partial)header] GET https://serviceusage.googleapis.com/v1/projects/tankpool-ocr/services/firebaseio.com x-goog-quota-user=projects/tankpool-ocr
[debug] [2026-02-01T16:04:32.953Z] <<< [apiv2][status] GET https://cloudbilling.googleapis.com/v1/projects/tankpool-ocr/billingInfo 200
[debug] [2026-02-01T16:04:32.953Z] <<< [apiv2][body] GET https://cloudbilling.googleapis.com/v1/projects/tankpool-ocr/billingInfo {"name":"projects/tankpool-ocr/billingInfo","projectId":"tankpool-ocr","billingAccountName":"","billingEnabled":false}
[debug] [2026-02-01T16:04:32.954Z] Checked if tokens are valid: true, expires at: 1769965471373
[debug] [2026-02-01T16:04:32.954Z] Checked if tokens are valid: true, expires at: 1769965471373
[debug] [2026-02-01T16:04:32.955Z] Checked if tokens are valid: true, expires at: 1769965471373
[debug] [2026-02-01T16:04:32.955Z] Checked if tokens are valid: true, expires at: 1769965471373
[debug] [2026-02-01T16:04:32.960Z] Checked if tokens are valid: true, expires at: 1769965471373
[debug] [2026-02-01T16:04:32.960Z] Checked if tokens are valid: true, expires at: 1769965471373
[debug] [2026-02-01T16:04:32.960Z] Checked if tokens are valid: true, expires at: 1769965471373
[debug] [2026-02-01T16:04:32.960Z] Checked if tokens are valid: true, expires at: 1769965471373
[debug] [2026-02-01T16:04:32.960Z] >>> [apiv2][query] GET https://serviceusage.googleapis.com/v1/projects/tankpool-ocr/services/firebasedataconnect.googleapis.com [none]
[debug] [2026-02-01T16:04:32.960Z] >>> [apiv2][(partial)header] GET https://serviceusage.googleapis.com/v1/projects/tankpool-ocr/services/firebasedataconnect.googleapis.com x-goog-quota-user=projects/tankpool-ocr
[debug] [2026-02-01T16:04:32.962Z] >>> [apiv2][query] GET https://serviceusage.googleapis.com/v1/projects/tankpool-ocr/services/cloudfunctions.googleapis.com [none]
[debug] [2026-02-01T16:04:32.962Z] >>> [apiv2][(partial)header] GET https://serviceusage.googleapis.com/v1/projects/tankpool-ocr/services/cloudfunctions.googleapis.com x-goog-quota-user=projects/tankpool-ocr
[debug] [2026-02-01T16:04:32.963Z] >>> [apiv2][query] GET https://serviceusage.googleapis.com/v1/projects/tankpool-ocr/services/firebaseapphosting.googleapis.com [none]
[debug] [2026-02-01T16:04:32.963Z] >>> [apiv2][(partial)header] GET https://serviceusage.googleapis.com/v1/projects/tankpool-ocr/services/firebaseapphosting.googleapis.com x-goog-quota-user=projects/tankpool-ocr
[debug] [2026-02-01T16:04:32.964Z] >>> [apiv2][query] GET https://serviceusage.googleapis.com/v1/projects/tankpool-ocr/services/firebaseio.com [none]
[debug] [2026-02-01T16:04:32.964Z] >>> [apiv2][(partial)header] GET https://serviceusage.googleapis.com/v1/projects/tankpool-ocr/services/firebaseio.com x-goog-quota-user=projects/tankpool-ocr
[debug] [2026-02-01T16:04:33.524Z] <<< [apiv2][status] GET https://serviceusage.googleapis.com/v1/projects/tankpool-ocr/services/firebaseio.com 403
[debug] [2026-02-01T16:04:33.524Z] <<< [apiv2][body] GET https://serviceusage.googleapis.com/v1/projects/tankpool-ocr/services/firebaseio.com [omitted]
[debug] [2026-02-01T16:04:33.654Z] <<< [apiv2][status] GET https://serviceusage.googleapis.com/v1/projects/tankpool-ocr/services/firebasedataconnect.googleapis.com 200
[debug] [2026-02-01T16:04:33.654Z] <<< [apiv2][body] GET https://serviceusage.googleapis.com/v1/projects/tankpool-ocr/services/firebasedataconnect.googleapis.com [omitted]
[debug] [2026-02-01T16:04:33.655Z] <<< [apiv2][status] GET https://serviceusage.googleapis.com/v1/projects/tankpool-ocr/services/cloudfunctions.googleapis.com 200
[debug] [2026-02-01T16:04:33.655Z] <<< [apiv2][body] GET https://serviceusage.googleapis.com/v1/projects/tankpool-ocr/services/cloudfunctions.googleapis.com [omitted]
[debug] [2026-02-01T16:04:33.670Z] <<< [apiv2][status] GET https://serviceusage.googleapis.com/v1/projects/tankpool-ocr/services/firebaseapphosting.googleapis.com 200
[debug] [2026-02-01T16:04:33.670Z] <<< [apiv2][body] GET https://serviceusage.googleapis.com/v1/projects/tankpool-ocr/services/firebaseapphosting.googleapis.com [omitted]
[debug] [2026-02-01T16:04:34.192Z] <<< [apiv2][status] GET https://serviceusage.googleapis.com/v1/projects/tankpool-ocr/services/firebaseio.com 403
[debug] [2026-02-01T16:04:34.193Z] <<< [apiv2][body] GET https://serviceusage.googleapis.com/v1/projects/tankpool-ocr/services/firebaseio.com [omitted]
[debug] [2026-02-01T16:04:34.434Z] <<< [apiv2][status] GET https://serviceusage.googleapis.com/v1/projects/tankpool-ocr/services/firebasedataconnect.googleapis.com 200
[debug] [2026-02-01T16:04:34.434Z] <<< [apiv2][body] GET https://serviceusage.googleapis.com/v1/projects/tankpool-ocr/services/firebasedataconnect.googleapis.com [omitted]
[debug] [2026-02-01T16:04:34.451Z] <<< [apiv2][status] GET https://serviceusage.googleapis.com/v1/projects/tankpool-ocr/services/cloudfunctions.googleapis.com 200
[debug] [2026-02-01T16:04:34.451Z] <<< [apiv2][body] GET https://serviceusage.googleapis.com/v1/projects/tankpool-ocr/services/cloudfunctions.googleapis.com [omitted]
[debug] [2026-02-01T16:04:34.475Z] <<< [apiv2][status] GET https://serviceusage.googleapis.com/v1/projects/tankpool-ocr/services/firebaseapphosting.googleapis.com 200
[debug] [2026-02-01T16:04:34.475Z] <<< [apiv2][body] GET https://serviceusage.googleapis.com/v1/projects/tankpool-ocr/services/firebaseapphosting.googleapis.com [omitted]
[debug] [2026-02-01T16:04:34.522Z] > command requires scopes: ["email","openid","https://www.googleapis.com/auth/cloudplatformprojects.readonly","https://www.googleapis.com/auth/firebase","https://www.googleapis.com/auth/cloud-platform"]
[debug] [2026-02-01T16:04:34.522Z] > authorizing via signed-in user (zanies79@gmail.com)
[debug] [2026-02-01T16:04:34.523Z] Checked if tokens are valid: true, expires at: 1769965471373
[debug] [2026-02-01T16:04:34.523Z] Checked if tokens are valid: true, expires at: 1769965471373
[debug] [2026-02-01T16:04:34.523Z] >>> [apiv2][query] GET https://cloudbilling.googleapis.com/v1/projects/tankpool-ocr/billingInfo [none]
[debug] [2026-02-01T16:04:34.717Z] <<< [apiv2][status] GET https://cloudbilling.googleapis.com/v1/projects/tankpool-ocr/billingInfo 200
[debug] [2026-02-01T16:04:34.718Z] <<< [apiv2][body] GET https://cloudbilling.googleapis.com/v1/projects/tankpool-ocr/billingInfo {"name":"projects/tankpool-ocr/billingInfo","projectId":"tankpool-ocr","billingAccountName":"","billingEnabled":false}
[debug] [2026-02-01T16:04:34.721Z] > command requires scopes: ["email","openid","https://www.googleapis.com/auth/cloudplatformprojects.readonly","https://www.googleapis.com/auth/firebase","https://www.googleapis.com/auth/cloud-platform"]
[debug] [2026-02-01T16:04:34.721Z] > authorizing via signed-in user (zanies79@gmail.com)
[debug] [2026-02-01T16:04:34.769Z] > command requires scopes: ["email","openid","https://www.googleapis.com/auth/cloudplatformprojects.readonly","https://www.googleapis.com/auth/firebase","https://www.googleapis.com/auth/cloud-platform"]
[debug] [2026-02-01T16:04:34.769Z] > authorizing via signed-in user (zanies79@gmail.com)
[debug] [2026-02-01T16:04:34.769Z] Checked if tokens are valid: true, expires at: 1769965471373
[debug] [2026-02-01T16:04:34.769Z] Checked if tokens are valid: true, expires at: 1769965471373
[debug] [2026-02-01T16:04:34.769Z] >>> [apiv2][query] GET https://cloudbilling.googleapis.com/v1/projects/tankpool-ocr/billingInfo [none]
[debug] [2026-02-01T16:04:35.165Z] <<< [apiv2][status] GET https://cloudbilling.googleapis.com/v1/projects/tankpool-ocr/billingInfo 200
[debug] [2026-02-01T16:04:35.166Z] <<< [apiv2][body] GET https://cloudbilling.googleapis.com/v1/projects/tankpool-ocr/billingInfo {"name":"projects/tankpool-ocr/billingInfo","projectId":"tankpool-ocr","billingAccountName":"","billingEnabled":false}
[debug] [2026-02-01T16:04:35.167Z] > command requires scopes: ["email","openid","https://www.googleapis.com/auth/cloudplatformprojects.readonly","https://www.googleapis.com/auth/firebase","https://www.googleapis.com/auth/cloud-platform"]
[debug] [2026-02-01T16:04:35.167Z] > authorizing via signed-in user (zanies79@gmail.com)
[debug] [2026-02-01T16:04:49.029Z] > command requires scopes: ["email","openid","https://www.googleapis.com/auth/cloudplatformprojects.readonly","https://www.googleapis.com/auth/firebase","https://www.googleapis.com/auth/cloud-platform"]
[debug] [2026-02-01T16:04:49.030Z] > authorizing via signed-in user (zanies79@gmail.com)
[debug] [2026-02-01T16:04:49.030Z] Checked if tokens are valid: true, expires at: 1769965471373
[debug] [2026-02-01T16:04:49.030Z] Checked if tokens are valid: true, expires at: 1769965471373
[debug] [2026-02-01T16:04:49.030Z] > command requires scopes: ["email","openid","https://www.googleapis.com/auth/cloudplatformprojects.readonly","https://www.googleapis.com/auth/firebase","https://www.googleapis.com/auth/cloud-platform"]
[debug] [2026-02-01T16:04:49.030Z] > authorizing via signed-in user (zanies79@gmail.com)
[debug] [2026-02-01T16:04:49.031Z] Checked if tokens are valid: true, expires at: 1769965471373
[debug] [2026-02-01T16:04:49.031Z] Checked if tokens are valid: true, expires at: 1769965471373
[debug] [2026-02-01T16:04:49.031Z] >>> [apiv2][query] GET https://cloudbilling.googleapis.com/v1/projects/tankpool-ocr/billingInfo [none]
[debug] [2026-02-01T16:04:49.032Z] >>> [apiv2][query] GET https://cloudbilling.googleapis.com/v1/projects/tankpool-ocr/billingInfo [none]
[debug] [2026-02-01T16:04:49.397Z] <<< [apiv2][status] GET https://cloudbilling.googleapis.com/v1/projects/tankpool-ocr/billingInfo 200
[debug] [2026-02-01T16:04:49.397Z] <<< [apiv2][body] GET https://cloudbilling.googleapis.com/v1/projects/tankpool-ocr/billingInfo {"name":"projects/tankpool-ocr/billingInfo","projectId":"tankpool-ocr","billingAccountName":"","billingEnabled":false}
[debug] [2026-02-01T16:04:49.400Z] Checked if tokens are valid: true, expires at: 1769965471373
[debug] [2026-02-01T16:04:49.400Z] Checked if tokens are valid: true, expires at: 1769965471373
[debug] [2026-02-01T16:04:49.400Z] Checked if tokens are valid: true, expires at: 1769965471373
[debug] [2026-02-01T16:04:49.400Z] Checked if tokens are valid: true, expires at: 1769965471373
[debug] [2026-02-01T16:04:49.404Z] Checked if tokens are valid: true, expires at: 1769965471373
[debug] [2026-02-01T16:04:49.404Z] Checked if tokens are valid: true, expires at: 1769965471373
[debug] [2026-02-01T16:04:49.404Z] Checked if tokens are valid: true, expires at: 1769965471373
[debug] [2026-02-01T16:04:49.404Z] Checked if tokens are valid: true, expires at: 1769965471373
[debug] [2026-02-01T16:04:49.404Z] >>> [apiv2][query] GET https://serviceusage.googleapis.com/v1/projects/tankpool-ocr/services/firebasedataconnect.googleapis.com [none]
[debug] [2026-02-01T16:04:49.404Z] >>> [apiv2][(partial)header] GET https://serviceusage.googleapis.com/v1/projects/tankpool-ocr/services/firebasedataconnect.googleapis.com x-goog-quota-user=projects/tankpool-ocr
[debug] [2026-02-01T16:04:49.405Z] >>> [apiv2][query] GET https://serviceusage.googleapis.com/v1/projects/tankpool-ocr/services/cloudfunctions.googleapis.com [none]
[debug] [2026-02-01T16:04:49.405Z] >>> [apiv2][(partial)header] GET https://serviceusage.googleapis.com/v1/projects/tankpool-ocr/services/cloudfunctions.googleapis.com x-goog-quota-user=projects/tankpool-ocr
[debug] [2026-02-01T16:04:49.405Z] >>> [apiv2][query] GET https://serviceusage.googleapis.com/v1/projects/tankpool-ocr/services/firebaseapphosting.googleapis.com [none]
[debug] [2026-02-01T16:04:49.405Z] >>> [apiv2][(partial)header] GET https://serviceusage.googleapis.com/v1/projects/tankpool-ocr/services/firebaseapphosting.googleapis.com x-goog-quota-user=projects/tankpool-ocr
[debug] [2026-02-01T16:04:49.406Z] >>> [apiv2][query] GET https://serviceusage.googleapis.com/v1/projects/tankpool-ocr/services/firebaseio.com [none]
[debug] [2026-02-01T16:04:49.406Z] >>> [apiv2][(partial)header] GET https://serviceusage.googleapis.com/v1/projects/tankpool-ocr/services/firebaseio.com x-goog-quota-user=projects/tankpool-ocr
[debug] [2026-02-01T16:04:49.729Z] <<< [apiv2][status] GET https://cloudbilling.googleapis.com/v1/projects/tankpool-ocr/billingInfo 200
[debug] [2026-02-01T16:04:49.729Z] <<< [apiv2][body] GET https://cloudbilling.googleapis.com/v1/projects/tankpool-ocr/billingInfo {"name":"projects/tankpool-ocr/billingInfo","projectId":"tankpool-ocr","billingAccountName":"","billingEnabled":false}
[debug] [2026-02-01T16:04:49.730Z] Checked if tokens are valid: true, expires at: 1769965471373
[debug] [2026-02-01T16:04:49.730Z] Checked if tokens are valid: true, expires at: 1769965471373
[debug] [2026-02-01T16:04:49.730Z] Checked if tokens are valid: true, expires at: 1769965471373
[debug] [2026-02-01T16:04:49.730Z] Checked if tokens are valid: true, expires at: 1769965471373
[debug] [2026-02-01T16:04:49.733Z] Checked if tokens are valid: true, expires at: 1769965471373
[debug] [2026-02-01T16:04:49.733Z] Checked if tokens are valid: true, expires at: 1769965471373
[debug] [2026-02-01T16:04:49.733Z] Checked if tokens are valid: true, expires at: 1769965471373
[debug] [2026-02-01T16:04:49.733Z] Checked if tokens are valid: true, expires at: 1769965471373
[debug] [2026-02-01T16:04:49.733Z] >>> [apiv2][query] GET https://serviceusage.googleapis.com/v1/projects/tankpool-ocr/services/firebasedataconnect.googleapis.com [none]
[debug] [2026-02-01T16:04:49.733Z] >>> [apiv2][(partial)header] GET https://serviceusage.googleapis.com/v1/projects/tankpool-ocr/services/firebasedataconnect.googleapis.com x-goog-quota-user=projects/tankpool-ocr
[debug] [2026-02-01T16:04:49.734Z] >>> [apiv2][query] GET https://serviceusage.googleapis.com/v1/projects/tankpool-ocr/services/cloudfunctions.googleapis.com [none]
[debug] [2026-02-01T16:04:49.734Z] >>> [apiv2][(partial)header] GET https://serviceusage.googleapis.com/v1/projects/tankpool-ocr/services/cloudfunctions.googleapis.com x-goog-quota-user=projects/tankpool-ocr
[debug] [2026-02-01T16:04:49.735Z] >>> [apiv2][query] GET https://serviceusage.googleapis.com/v1/projects/tankpool-ocr/services/firebaseapphosting.googleapis.com [none]
[debug] [2026-02-01T16:04:49.735Z] >>> [apiv2][(partial)header] GET https://serviceusage.googleapis.com/v1/projects/tankpool-ocr/services/firebaseapphosting.googleapis.com x-goog-quota-user=projects/tankpool-ocr
[debug] [2026-02-01T16:04:49.736Z] >>> [apiv2][query] GET https://serviceusage.googleapis.com/v1/projects/tankpool-ocr/services/firebaseio.com [none]
[debug] [2026-02-01T16:04:49.736Z] >>> [apiv2][(partial)header] GET https://serviceusage.googleapis.com/v1/projects/tankpool-ocr/services/firebaseio.com x-goog-quota-user=projects/tankpool-ocr
[debug] [2026-02-01T16:04:50.143Z] <<< [apiv2][status] GET https://serviceusage.googleapis.com/v1/projects/tankpool-ocr/services/firebaseio.com 403
[debug] [2026-02-01T16:04:50.144Z] <<< [apiv2][body] GET https://serviceusage.googleapis.com/v1/projects/tankpool-ocr/services/firebaseio.com [omitted]
[debug] [2026-02-01T16:04:50.268Z] <<< [apiv2][status] GET https://serviceusage.googleapis.com/v1/projects/tankpool-ocr/services/firebasedataconnect.googleapis.com 200
[debug] [2026-02-01T16:04:50.269Z] <<< [apiv2][body] GET https://serviceusage.googleapis.com/v1/projects/tankpool-ocr/services/firebasedataconnect.googleapis.com [omitted]
[debug] [2026-02-01T16:04:50.281Z] <<< [apiv2][status] GET https://serviceusage.googleapis.com/v1/projects/tankpool-ocr/services/firebaseapphosting.googleapis.com 200
[debug] [2026-02-01T16:04:50.281Z] <<< [apiv2][body] GET https://serviceusage.googleapis.com/v1/projects/tankpool-ocr/services/firebaseapphosting.googleapis.com [omitted]
[debug] [2026-02-01T16:04:50.287Z] <<< [apiv2][status] GET https://serviceusage.googleapis.com/v1/projects/tankpool-ocr/services/cloudfunctions.googleapis.com 200
[debug] [2026-02-01T16:04:50.288Z] <<< [apiv2][body] GET https://serviceusage.googleapis.com/v1/projects/tankpool-ocr/services/cloudfunctions.googleapis.com [omitted]
[debug] [2026-02-01T16:04:50.807Z] <<< [apiv2][status] GET https://serviceusage.googleapis.com/v1/projects/tankpool-ocr/services/firebaseio.com 403
[debug] [2026-02-01T16:04:50.808Z] <<< [apiv2][body] GET https://serviceusage.googleapis.com/v1/projects/tankpool-ocr/services/firebaseio.com [omitted]
[debug] [2026-02-01T16:04:51.143Z] <<< [apiv2][status] GET https://serviceusage.googleapis.com/v1/projects/tankpool-ocr/services/firebasedataconnect.googleapis.com 200
[debug] [2026-02-01T16:04:51.143Z] <<< [apiv2][body] GET https://serviceusage.googleapis.com/v1/projects/tankpool-ocr/services/firebasedataconnect.googleapis.com [omitted]
[debug] [2026-02-01T16:04:51.144Z] <<< [apiv2][status] GET https://serviceusage.googleapis.com/v1/projects/tankpool-ocr/services/cloudfunctions.googleapis.com 200
[debug] [2026-02-01T16:04:51.144Z] <<< [apiv2][body] GET https://serviceusage.googleapis.com/v1/projects/tankpool-ocr/services/cloudfunctions.googleapis.com [omitted]
[debug] [2026-02-01T16:04:51.145Z] <<< [apiv2][status] GET https://serviceusage.googleapis.com/v1/projects/tankpool-ocr/services/firebaseapphosting.googleapis.com 200
[debug] [2026-02-01T16:04:51.145Z] <<< [apiv2][body] GET https://serviceusage.googleapis.com/v1/projects/tankpool-ocr/services/firebaseapphosting.googleapis.com [omitted]
[debug] [2026-02-01T16:04:51.190Z] > command requires scopes: ["email","openid","https://www.googleapis.com/auth/cloudplatformprojects.readonly","https://www.googleapis.com/auth/firebase","https://www.googleapis.com/auth/cloud-platform"]
[debug] [2026-02-01T16:04:51.191Z] > authorizing via signed-in user (zanies79@gmail.com)
[debug] [2026-02-01T16:04:51.191Z] Checked if tokens are valid: true, expires at: 1769965471373
[debug] [2026-02-01T16:04:51.191Z] Checked if tokens are valid: true, expires at: 1769965471373
[debug] [2026-02-01T16:04:51.191Z] >>> [apiv2][query] GET https://cloudbilling.googleapis.com/v1/projects/tankpool-ocr/billingInfo [none]
[debug] [2026-02-01T16:04:51.831Z] <<< [apiv2][status] GET https://cloudbilling.googleapis.com/v1/projects/tankpool-ocr/billingInfo 200
[debug] [2026-02-01T16:04:51.831Z] <<< [apiv2][body] GET https://cloudbilling.googleapis.com/v1/projects/tankpool-ocr/billingInfo {"name":"projects/tankpool-ocr/billingInfo","projectId":"tankpool-ocr","billingAccountName":"","billingEnabled":false}
[debug] [2026-02-01T16:04:51.832Z] > command requires scopes: ["email","openid","https://www.googleapis.com/auth/cloudplatformprojects.readonly","https://www.googleapis.com/auth/firebase","https://www.googleapis.com/auth/cloud-platform"]
[debug] [2026-02-01T16:04:51.832Z] > authorizing via signed-in user (zanies79@gmail.com)
[debug] [2026-02-01T16:04:51.877Z] > command requires scopes: ["email","openid","https://www.googleapis.com/auth/cloudplatformprojects.readonly","https://www.googleapis.com/auth/firebase","https://www.googleapis.com/auth/cloud-platform"]
[debug] [2026-02-01T16:04:51.877Z] > authorizing via signed-in user (zanies79@gmail.com)
[debug] [2026-02-01T16:04:51.877Z] Checked if tokens are valid: true, expires at: 1769965471373
[debug] [2026-02-01T16:04:51.877Z] Checked if tokens are valid: true, expires at: 1769965471373
[debug] [2026-02-01T16:04:51.877Z] >>> [apiv2][query] GET https://cloudbilling.googleapis.com/v1/projects/tankpool-ocr/billingInfo [none]
[debug] [2026-02-01T16:04:52.519Z] <<< [apiv2][status] GET https://cloudbilling.googleapis.com/v1/projects/tankpool-ocr/billingInfo 200
[debug] [2026-02-01T16:04:52.519Z] <<< [apiv2][body] GET https://cloudbilling.googleapis.com/v1/projects/tankpool-ocr/billingInfo {"name":"projects/tankpool-ocr/billingInfo","projectId":"tankpool-ocr","billingAccountName":"","billingEnabled":false}
[debug] [2026-02-01T16:04:52.523Z] > command requires scopes: ["email","openid","https://www.googleapis.com/auth/cloudplatformprojects.readonly","https://www.googleapis.com/auth/firebase","https://www.googleapis.com/auth/cloud-platform"]
[debug] [2026-02-01T16:04:52.523Z] > authorizing via signed-in user (zanies79@gmail.com)
